2026-04-13 18:07:28 - INFO - Copied: Problem 1.png -> Images
2026-04-13 18:07:28 - INFO - Copied: Screenshot (1).png -> Images
2026-04-13 18:07:28 - INFO - Copied: Screenshot (10).png -> Images
2026-04-13 18:07:28 - INFO - Copied: Screenshot (11).png -> Images
2026-04-13 18:07:28 - INFO - Copied: Screenshot (12).png -> Images
2026-04-13 18:07:28 - INFO - Copied: Screenshot (13).png -> Images
2026-04-13 18:07:28 - INFO - Copied: Screenshot (14).png -> Images
2026-04-13 18:07:28 - INFO - Copied: Screenshot (15).png -> Images
2026-04-13 18:07:28 - INFO - Copied: Screenshot (16).png -> Images
2026-04-13 18:07:28 - INFO - Copied: Screenshot (17).png -> Images
2026-04-13 18:07:28 - INFO - Copied: Screenshot (18).png -> Images
2026-04-13 18:07:28 - INFO - Copied: Screenshot (19).png -> Images
2026-04-13 18:07:28 - INFO - Copied: Screenshot (2).png -> Images
2026-04-13 18:07:28 - INFO - Copied: Screenshot (20).png -> Images
2026-04-13 18:07:28 - INFO - Copied: Screenshot (21).png -> Images
2026-04-13 18:07:28 - INFO - Copied: Screenshot (22).png -> Images
2026-04-13 18:07:28 - INFO - Copied: Screenshot (23).png -> Images
2026-04-13 18:07:28 - INFO - Copied: Screenshot (24).png -> Images
2026-04-13 18:07:28 - INFO - Copied: Screenshot (25).png -> Images
2026-04-13 18:07:28 - INFO - Copied: Screenshot (26).png -> Images
2026-04-13 18:07:28 - INFO - Copied: Screenshot (27).png -> Images
2026-04-13 18:07:28 - INFO - Copied: Screenshot (28).png -> Images
2026-04-13 18:07:28 - INFO - Copied: Screenshot (29).png -> Images
2026-04-13 18:07:28 - INFO - Copied: Screenshot (3).png -> Images
2026-04-13 18:07:28 - INFO - Copied: Screenshot (30).png -> Images
2026-04-13 18:07:28 - INFO - Copied: Screenshot (32).png -> Images
2026-04-13 18:07:28 - INFO - Copied: Screenshot (33).png -> Images
2026-04-13 18:07:28 - INFO - Copied: Screenshot (34).png -> Images
2026-04-13 18:07:28 - INFO - Copied: Screenshot (35).png -> Images
2026-04-13 18:07:28 - INFO - Copied: Screenshot (36).png -> Images
2026-04-13 18:07:28 - INFO - Copied: Screenshot (37).png -> Images
2026-04-13 18:07:28 - INFO - Copied: Screenshot (38).png -> Images
2026-04-13 18:07:28 - INFO - Copied: Screenshot (39).png -> Images
2026-04-13 18:07:28 - INFO - Copied: Screenshot (4).png -> Images
2026-04-13 18:07:28 - INFO - Copied: Screenshot (5).png -> Images
2026-04-13 18:07:28 - INFO - Copied: Screenshot (6).png -> Images
2026-04-13 18:07:28 - INFO - Copied: Screenshot (7).png -> Images
2026-04-13 18:07:28 - INFO - Copied: Screenshot (8).png -> Images
2026-04-13 18:07:28 - INFO - Copied: Screenshot (9).png -> Images
2026-04-13 18:07:28 - INFO - Copied: Screenshot 2026-01-05 143958.png -> Images
2026-04-13 18:07:28 - INFO - Copied: Screenshot 2026-01-09 011047.png -> Images
2026-04-13 18:07:28 - INFO - Copied: Screenshot 2026-01-09 220033.png -> Images
2026-04-13 18:07:28 - INFO - Copied: Screenshot 2026-01-13 131015.png -> Images
2026-04-13 18:07:28 - INFO - Copied: Screenshot 2026-01-14 062635.png -> Images
2026-04-13 18:07:28 - INFO - Copied: Screenshot 2026-01-14 091619.png -> Images
2026-04-13 18:07:28 - INFO - Copied: Screenshot 2026-01-15 113847.png -> Images
2026-04-13 18:07:28 - INFO - Copied: Screenshot 2026-01-15 125128.png -> Images
2026-04-13 18:07:28 - INFO - Copied: Screenshot 2026-01-15 140344.png -> Images
2026-04-13 18:07:28 - INFO - Copied: Screenshot 2026-01-16 050532.png -> Images
2026-04-13 18:07:28 - INFO - Copied: Screenshot 2026-02-04 193507.png -> Images
2026-04-13 18:07:28 - INFO - Copied: Screenshot 2026-02-04 220114.png -> Images
2026-04-13 18:07:28 - INFO - Copied: Screenshot 2026-02-08 183511.png -> Images
2026-04-13 18:07:28 - INFO - Copied: Screenshot 2026-02-09 181147.png -> Images
2026-04-13 18:07:28 - INFO - Copied: Screenshot 2026-02-09 181235.png -> Images
2026-04-13 18:07:28 - INFO - Copied: Screenshot 2026-02-10 121345.png -> Images
2026-04-13 18:07:28 - INFO - Copied: Screenshot 2026-02-10 125150.png -> Images
2026-04-13 18:07:28 - INFO - Copied: Screenshot 2026-02-10 125213.png -> Images
2026-04-13 18:07:28 - INFO - Copied: Screenshot 2026-02-10 125634.png -> Images
2026-04-13 18:07:28 - INFO - Copied: Screenshot 2026-02-10 205640.png -> Images
2026-04-13 18:07:28 - INFO - Copied: Screenshot 2026-02-11 190553.png -> Images
2026-04-13 18:07:28 - INFO - Copied: Screenshot 2026-02-11 231939.png -> Images
2026-04-13 18:07:28 - INFO - Copied: Screenshot 2026-02-12 112025.png -> Images
2026-04-13 18:07:28 - INFO - Copied: Screenshot 2026-02-12 114951.png -> Images
2026-04-13 18:07:28 - INFO - Copied: Screenshot 2026-02-12 115523.png -> Images
2026-04-13 18:07:28 - INFO - Copied: Screenshot 2026-02-13 174826.png -> Images
2026-04-13 18:07:28 - INFO - Copied: Screenshot 2026-02-15 212613.png -> Images
2026-04-13 18:07:28 - INFO - Copied: Screenshot 2026-02-15 225911.png -> Images
2026-04-13 18:07:28 - INFO - Copied: Screenshot 2026-02-15 230437.png -> Images
2026-04-13 18:07:28 - INFO - Copied: Screenshot 2026-02-15 230923.png -> Images
2026-04-13 18:07:28 - INFO - Copied: Screenshot 2026-02-17 094845.png -> Images
2026-04-13 18:07:28 - INFO - Copied: Screenshot 2026-02-17 095653.png -> Images
2026-04-13 18:07:28 - INFO - Copied: Screenshot 2026-02-17 104848.png -> Images
2026-04-13 18:07:28 - INFO - Copied: Screenshot 2026-02-17 111635.png -> Images
2026-04-13 18:07:28 - INFO - Copied: Screenshot 2026-02-20 004632.png -> Images
2026-04-13 18:07:28 - INFO - Copied: Screenshot 2026-02-21 154048.png -> Images
2026-04-13 18:07:28 - INFO - Copied: Screenshot 2026-02-22 232239.png -> Images
2026-04-13 18:07:28 - INFO - Copied: Screenshot 2026-02-22 232444.png -> Images
2026-04-13 18:07:28 - INFO - Copied: Screenshot 2026-02-22 232605.png -> Images
2026-04-13 18:07:28 - INFO - Copied: Screenshot 2026-02-22 232833.png -> Images
2026-04-13 18:07:28 - INFO - Copied: Screenshot 2026-02-23 212535.png -> Images
2026-04-13 18:07:28 - INFO - Copied: Screenshot 2026-02-23 221900.png -> Images
2026-04-13 18:07:28 - INFO - Copied: Screenshot 2026-02-23 222434.png -> Images
2026-04-13 18:07:28 - INFO - Copied: Screenshot 2026-02-23 223035.png -> Images
2026-04-13 18:07:28 - INFO - Copied: Screenshot 2026-02-23 223049.png -> Images
2026-04-13 18:07:28 - INFO - Copied: Screenshot 2026-02-23 223416.png -> Images
2026-04-13 18:07:28 - INFO - Copied: Screenshot 2026-02-23 223630.png -> Images
2026-04-13 18:07:28 - INFO - Copied: Screenshot 2026-02-23 223647.png -> Images
2026-04-13 18:07:28 - INFO - Copied: Screenshot 2026-02-25 155349.png -> Images
2026-04-13 18:07:28 - INFO - Copied: Screenshot 2026-02-25 165411.png -> Images
2026-04-13 18:07:28 - INFO - Copied: Screenshot 2026-02-26 114057.png -> Images
2026-04-13 18:07:28 - INFO - Copied: Screenshot 2026-03-01 132040.png -> Images
2026-04-13 18:07:28 - INFO - Copied: Screenshot 2026-03-01 174349.png -> Images
2026-04-13 18:07:28 - INFO - Copied: Screenshot 2026-03-01 191748.png -> Images
2026-04-13 18:07:28 - INFO - Copied: Screenshot 2026-03-01 215813.png -> Images
2026-04-13 18:07:28 - INFO - Copied: Screenshot 2026-03-01 231516.png -> Images
2026-04-13 18:07:28 - INFO - Copied: Screenshot 2026-03-03 121721.png -> Images
2026-04-13 18:07:28 - INFO - Copied: Screenshot 2026-03-03 122833.png -> Images
2026-04-13 18:07:28 - INFO - Copied: Screenshot 2026-03-03 123028.png -> Images
2026-04-13 18:07:28 - INFO - Copied: Screenshot 2026-03-04 202315.png -> Images
2026-04-13 18:07:28 - INFO - Copied: Screenshot 2026-03-04 203350.png -> Images
2026-04-13 18:07:28 - INFO - Copied: Screenshot 2026-03-06 164947.png -> Images
2026-04-13 18:07:28 - INFO - Copied: Screenshot 2026-03-08 220601.png -> Images
2026-04-13 18:07:28 - INFO - Copied: Screenshot 2026-03-10 204818.png -> Images
2026-04-13 18:07:28 - INFO - Copied: Screenshot 2026-03-11 032457.png -> Images
2026-04-13 18:07:28 - INFO - Copied: Screenshot 2026-03-17 095708.png -> Images
2026-04-13 18:07:28 - INFO - Copied: Screenshot 2026-03-17 102817.png -> Images
2026-04-13 18:07:28 - INFO - Copied: Screenshot 2026-03-17 102820.png -> Images
2026-04-13 18:07:28 - INFO - Copied: Screenshot 2026-03-17 104323.png -> Images
2026-04-13 18:07:28 - INFO - Copied: Screenshot 2026-03-17 110005.png -> Images
2026-04-13 18:07:28 - INFO - Copied: Screenshot 2026-03-17 110622.png -> Images
2026-04-13 18:07:28 - INFO - Copied: Screenshot 2026-03-19 142218.png -> Images
2026-04-13 18:07:28 - INFO - Copied: Screenshot 2026-03-23 094057.png -> Images
2026-04-13 18:07:28 - INFO - Copied: Screenshot 2026-03-30 232231.png -> Images
2026-04-13 18:07:28 - INFO - Copied: Screenshot 2026-03-31 000446.png -> Images
2026-04-13 18:07:28 - INFO - Copied: Screenshot 2026-04-05 015341.png -> Images
2026-04-13 18:07:28 - INFO - Copied: Screenshot 2026-04-05 194727.png -> Images
2026-04-13 18:07:28 - INFO - Copied: Screenshot 2026-04-07 080452.png -> Images
2026-04-13 18:07:28 - INFO - Copied: Screenshot 2026-04-07 090714.png -> Images
2026-04-13 18:07:28 - INFO - Copied: Screenshot 2026-04-07 105944.png -> Images
2026-04-13 18:07:28 - INFO - Copied: Screenshot 2026-04-07 112335.png -> Images
2026-04-13 18:07:28 - INFO - Copied: Screenshot 2026-04-07 112715.png -> Images
2026-04-13 18:07:28 - INFO - Copied: Screenshot 2026-04-07 113958.png -> Images
2026-04-13 18:07:28 - INFO - Copied: Screenshot 2026-04-07 114157.png -> Images
2026-04-13 18:07:28 - INFO - Copied: Screenshot 2026-04-07 115844.png -> Images
2026-04-13 18:07:28 - INFO - Copied: Screenshot 2026-04-07 121756.png -> Images
2026-04-13 18:07:28 - INFO - Copied: Screenshot 2026-04-07 121827.png -> Images
2026-04-13 18:07:28 - INFO - Copied: Screenshot 2026-04-08 235557.png -> Images
2026-04-13 18:07:28 - INFO - Copied: Screenshot 2026-04-10 214350.png -> Images
2026-04-13 18:07:28 - INFO - Copied: Screenshot 2026-04-11 230105.png -> Images
2026-04-13 18:07:28 - INFO - Copied: Screenshot 2026-04-12 192100.png -> Images
2026-04-13 18:07:28 - INFO - Copied: Screenshot 2026-04-12 193046.png -> Images
2026-04-13 18:07:28 - INFO - Copied: Screenshot 2026-04-12 194049.png -> Images
2026-04-13 18:07:28 - INFO - Copied: Screenshot 2026-04-13 010002.png -> Images
2026-04-13 18:07:28 - INFO - Copied: Screenshot 2026-04-13 173429.png -> Images
2026-04-13 18:07:28 - INFO - Organization complete. Copied 134 files.
2026-04-13 18:08:02 - INFO - Copied: Problem 1.png -> Images
2026-04-13 18:08:02 - INFO - Copied: Screenshot (1).png -> Images
2026-04-13 18:08:02 - INFO - Copied: Screenshot (10).png -> Images
2026-04-13 18:08:02 - INFO - Copied: Screenshot (11).png -> Images
2026-04-13 18:08:02 - INFO - Copied: Screenshot (12).png -> Images
2026-04-13 18:08:02 - INFO - Copied: Screenshot (13).png -> Images
2026-04-13 18:08:02 - INFO - Copied: Screenshot (14).png -> Images
2026-04-13 18:08:02 - INFO - Copied: Screenshot (15).png -> Images
2026-04-13 18:08:02 - INFO - Copied: Screenshot (16).png -> Images
2026-04-13 18:08:03 - INFO - Copied: Screenshot (17).png -> Images
2026-04-13 18:08:03 - INFO - Copied: Screenshot (18).png -> Images
2026-04-13 18:08:03 - INFO - Copied: Screenshot (19).png -> Images
2026-04-13 18:08:03 - INFO - Copied: Screenshot (2).png -> Images
2026-04-13 18:08:03 - INFO - Copied: Screenshot (20).png -> Images
2026-04-13 18:08:03 - INFO - Copied: Screenshot (21).png -> Images
2026-04-13 18:08:03 - INFO - Copied: Screenshot (22).png -> Images
2026-04-13 18:08:03 - INFO - Copied: Screenshot (23).png -> Images
2026-04-13 18:08:03 - INFO - Copied: Screenshot (24).png -> Images
2026-04-13 18:08:03 - INFO - Copied: Screenshot (25).png -> Images
2026-04-13 18:08:03 - INFO - Copied: Screenshot (26).png -> Images
2026-04-13 18:08:03 - INFO - Copied: Screenshot (27).png -> Images
2026-04-13 18:08:03 - INFO - Copied: Screenshot (28).png -> Images
2026-04-13 18:08:03 - INFO - Copied: Screenshot (29).png -> Images
2026-04-13 18:08:03 - INFO - Copied: Screenshot (3).png -> Images
2026-04-13 18:08:03 - INFO - Copied: Screenshot (30).png -> Images
2026-04-13 18:08:03 - INFO - Copied: Screenshot (32).png -> Images
2026-04-13 18:08:03 - INFO - Copied: Screenshot (33).png -> Images
2026-04-13 18:08:03 - INFO - Copied: Screenshot (34).png -> Images
2026-04-13 18:08:03 - INFO - Copied: Screenshot (35).png -> Images
2026-04-13 18:08:03 - INFO - Copied: Screenshot (36).png -> Images
2026-04-13 18:08:03 - INFO - Copied: Screenshot (37).png -> Images
2026-04-13 18:08:03 - INFO - Copied: Screenshot (38).png -> Images
2026-04-13 18:08:03 - INFO - Copied: Screenshot (39).png -> Images
2026-04-13 18:08:03 - INFO - Copied: Screenshot (4).png -> Images
2026-04-13 18:08:03 - INFO - Copied: Screenshot (5).png -> Images
2026-04-13 18:08:03 - INFO - Copied: Screenshot (6).png -> Images
2026-04-13 18:08:03 - INFO - Copied: Screenshot (7).png -> Images
2026-04-13 18:08:03 - INFO - Copied: Screenshot (8).png -> Images
2026-04-13 18:08:03 - INFO - Copied: Screenshot (9).png -> Images
2026-04-13 18:08:03 - INFO - Copied: Screenshot 2026-01-05 143958.png -> Images
2026-04-13 18:08:03 - INFO - Copied: Screenshot 2026-01-09 011047.png -> Images
2026-04-13 18:08:03 - INFO - Copied: Screenshot 2026-01-09 220033.png -> Images
2026-04-13 18:08:03 - INFO - Copied: Screenshot 2026-01-13 131015.png -> Images
2026-04-13 18:08:03 - INFO - Copied: Screenshot 2026-01-14 062635.png -> Images
2026-04-13 18:08:03 - INFO - Copied: Screenshot 2026-01-14 091619.png -> Images
2026-04-13 18:08:03 - INFO - Copied: Screenshot 2026-01-15 113847.png -> Images
2026-04-13 18:08:03 - INFO - Copied: Screenshot 2026-01-15 125128.png -> Images
2026-04-13 18:08:03 - INFO - Copied: Screenshot 2026-01-15 140344.png -> Images
2026-04-13 18:08:03 - INFO - Copied: Screenshot 2026-01-16 050532.png -> Images
2026-04-13 18:08:03 - INFO - Copied: Screenshot 2026-02-04 193507.png -> Images
2026-04-13 18:08:03 - INFO - Copied: Screenshot 2026-02-04 220114.png -> Images
2026-04-13 18:08:03 - INFO - Copied: Screenshot 2026-02-08 183511.png -> Images
2026-04-13 18:08:03 - INFO - Copied: Screenshot 2026-02-09 181147.png -> Images
2026-04-13 18:08:03 - INFO - Copied: Screenshot 2026-02-09 181235.png -> Images
2026-04-13 18:08:03 - INFO - Copied: Screenshot 2026-02-10 121345.png -> Images
2026-04-13 18:08:03 - INFO - Copied: Screenshot 2026-02-10 125150.png -> Images
2026-04-13 18:08:03 - INFO - Copied: Screenshot 2026-02-10 125213.png -> Images
2026-04-13 18:08:03 - INFO - Copied: Screenshot 2026-02-10 125634.png -> Images
2026-04-13 18:08:03 - INFO - Copied: Screenshot 2026-02-10 205640.png -> Images
2026-04-13 18:08:03 - INFO - Copied: Screenshot 2026-02-11 190553.png -> Images
2026-04-13 18:08:03 - INFO - Copied: Screenshot 2026-02-11 231939.png -> Images
2026-04-13 18:08:03 - INFO - Copied: Screenshot 2026-02-12 112025.png -> Images
2026-04-13 18:08:03 - INFO - Copied: Screenshot 2026-02-12 114951.png -> Images
2026-04-13 18:08:03 - INFO - Copied: Screenshot 2026-02-12 115523.png -> Images
2026-04-13 18:08:03 - INFO - Copied: Screenshot 2026-02-13 174826.png -> Images
2026-04-13 18:08:03 - INFO - Copied: Screenshot 2026-02-15 212613.png -> Images
2026-04-13 18:08:03 - INFO - Copied: Screenshot 2026-02-15 225911.png -> Images
2026-04-13 18:08:03 - INFO - Copied: Screenshot 2026-02-15 230437.png -> Images
2026-04-13 18:08:03 - INFO - Copied: Screenshot 2026-02-15 230923.png -> Images
2026-04-13 18:08:03 - INFO - Copied: Screenshot 2026-02-17 094845.png -> Images
2026-04-13 18:08:03 - INFO - Copied: Screenshot 2026-02-17 095653.png -> Images
2026-04-13 18:08:03 - INFO - Copied: Screenshot 2026-02-17 104848.png -> Images
2026-04-13 18:08:03 - INFO - Copied: Screenshot 2026-02-17 111635.png -> Images
2026-04-13 18:08:03 - INFO - Copied: Screenshot 2026-02-20 004632.png -> Images
2026-04-13 18:08:03 - INFO - Copied: Screenshot 2026-02-21 154048.png -> Images
2026-04-13 18:08:03 - INFO - Copied: Screenshot 2026-02-22 232239.png -> Images
2026-04-13 18:08:03 - INFO - Copied: Screenshot 2026-02-22 232444.png -> Images
2026-04-13 18:08:03 - INFO - Copied: Screenshot 2026-02-22 232605.png -> Images
2026-04-13 18:08:03 - INFO - Copied: Screenshot 2026-02-22 232833.png -> Images
2026-04-13 18:08:03 - INFO - Copied: Screenshot 2026-02-23 212535.png -> Images
2026-04-13 18:08:03 - INFO - Copied: Screenshot 2026-02-23 221900.png -> Images
2026-04-13 18:08:03 - INFO - Copied: Screenshot 2026-02-23 222434.png -> Images
2026-04-13 18:08:03 - INFO - Copied: Screenshot 2026-02-23 223035.png -> Images
2026-04-13 18:08:03 - INFO - Copied: Screenshot 2026-02-23 223049.png -> Images
2026-04-13 18:08:03 - INFO - Copied: Screenshot 2026-02-23 223416.png -> Images
2026-04-13 18:08:03 - INFO - Copied: Screenshot 2026-02-23 223630.png -> Images
2026-04-13 18:08:03 - INFO - Copied: Screenshot 2026-02-23 223647.png -> Images
2026-04-13 18:08:03 - INFO - Copied: Screenshot 2026-02-25 155349.png -> Images
2026-04-13 18:08:03 - INFO - Copied: Screenshot 2026-02-25 165411.png -> Images
2026-04-13 18:08:03 - INFO - Copied: Screenshot 2026-02-26 114057.png -> Images
2026-04-13 18:08:03 - INFO - Copied: Screenshot 2026-03-01 132040.png -> Images
2026-04-13 18:08:03 - INFO - Copied: Screenshot 2026-03-01 174349.png -> Images
2026-04-13 18:08:03 - INFO - Copied: Screenshot 2026-03-01 191748.png -> Images
2026-04-13 18:08:03 - INFO - Copied: Screenshot 2026-03-01 215813.png -> Images
2026-04-13 18:08:03 - INFO - Copied: Screenshot 2026-03-01 231516.png -> Images
2026-04-13 18:08:03 - INFO - Copied: Screenshot 2026-03-03 121721.png -> Images
2026-04-13 18:08:03 - INFO - Copied: Screenshot 2026-03-03 122833.png -> Images
2026-04-13 18:08:03 - INFO - Copied: Screenshot 2026-03-03 123028.png -> Images
2026-04-13 18:08:03 - INFO - Copied: Screenshot 2026-03-04 202315.png -> Images
2026-04-13 18:08:03 - INFO - Copied: Screenshot 2026-03-04 203350.png -> Images
2026-04-13 18:08:03 - INFO - Copied: Screenshot 2026-03-06 164947.png -> Images
2026-04-13 18:08:03 - INFO - Copied: Screenshot 2026-03-08 220601.png -> Images
2026-04-13 18:08:03 - INFO - Copied: Screenshot 2026-03-10 204818.png -> Images
2026-04-13 18:08:03 - INFO - Copied: Screenshot 2026-03-11 032457.png -> Images
2026-04-13 18:08:03 - INFO - Copied: Screenshot 2026-03-17 095708.png -> Images
2026-04-13 18:08:03 - INFO - Copied: Screenshot 2026-03-17 102817.png -> Images
2026-04-13 18:08:03 - INFO - Copied: Screenshot 2026-03-17 102820.png -> Images
2026-04-13 18:08:03 - INFO - Copied: Screenshot 2026-03-17 104323.png -> Images
2026-04-13 18:08:03 - INFO - Copied: Screenshot 2026-03-17 110005.png -> Images
2026-04-13 18:08:03 - INFO - Copied: Screenshot 2026-03-17 110622.png -> Images
2026-04-13 18:08:03 - INFO - Copied: Screenshot 2026-03-19 142218.png -> Images
2026-04-13 18:08:03 - INFO - Copied: Screenshot 2026-03-23 094057.png -> Images
2026-04-13 18:08:03 - INFO - Copied: Screenshot 2026-03-30 232231.png -> Images
2026-04-13 18:08:03 - INFO - Copied: Screenshot 2026-03-31 000446.png -> Images
2026-04-13 18:08:03 - INFO - Copied: Screenshot 2026-04-05 015341.png -> Images
2026-04-13 18:08:03 - INFO - Copied: Screenshot 2026-04-05 194727.png -> Images
2026-04-13 18:08:03 - INFO - Copied: Screenshot 2026-04-07 080452.png -> Images
2026-04-13 18:08:03 - INFO - Copied: Screenshot 2026-04-07 090714.png -> Images
2026-04-13 18:08:03 - INFO - Copied: Screenshot 2026-04-07 105944.png -> Images
2026-04-13 18:08:03 - INFO - Copied: Screenshot 2026-04-07 112335.png -> Images
2026-04-13 18:08:03 - INFO - Copied: Screenshot 2026-04-07 112715.png -> Images
2026-04-13 18:08:03 - INFO - Copied: Screenshot 2026-04-07 113958.png -> Images
2026-04-13 18:08:03 - INFO - Copied: Screenshot 2026-04-07 114157.png -> Images
2026-04-13 18:08:03 - INFO - Copied: Screenshot 2026-04-07 115844.png -> Images
2026-04-13 18:08:03 - INFO - Copied: Screenshot 2026-04-07 121756.png -> Images
2026-04-13 18:08:03 - INFO - Copied: Screenshot 2026-04-07 121827.png -> Images
2026-04-13 18:08:03 - INFO - Copied: Screenshot 2026-04-08 235557.png -> Images
2026-04-13 18:08:03 - INFO - Copied: Screenshot 2026-04-10 214350.png -> Images
2026-04-13 18:08:03 - INFO - Copied: Screenshot 2026-04-11 230105.png -> Images
2026-04-13 18:08:03 - INFO - Copied: Screenshot 2026-04-12 192100.png -> Images
2026-04-13 18:08:03 - INFO - Copied: Screenshot 2026-04-12 193046.png -> Images
2026-04-13 18:08:03 - INFO - Copied: Screenshot 2026-04-12 194049.png -> Images
2026-04-13 18:08:03 - INFO - Copied: Screenshot 2026-04-13 010002.png -> Images
2026-04-13 18:08:03 - INFO - Copied: Screenshot 2026-04-13 173429.png -> Images
2026-04-13 18:08:03 - INFO - Organization complete. Copied 134 files.
2026-04-13 18:08:11 - INFO - Copied: Problem 1.png -> Images
2026-04-13 18:08:11 - INFO - Copied: Screenshot (1).png -> Images
2026-04-13 18:08:11 - INFO - Copied: Screenshot (10).png -> Images
2026-04-13 18:08:11 - INFO - Copied: Screenshot (11).png -> Images
2026-04-13 18:08:11 - INFO - Copied: Screenshot (12).png -> Images
2026-04-13 18:08:11 - INFO - Copied: Screenshot (13).png -> Images
2026-04-13 18:08:11 - INFO - Copied: Screenshot (14).png -> Images
2026-04-13 18:08:11 - INFO - Copied: Screenshot (15).png -> Images
2026-04-13 18:08:11 - INFO - Copied: Screenshot (16).png -> Images
2026-04-13 18:08:11 - INFO - Copied: Screenshot (17).png -> Images
2026-04-13 18:08:11 - INFO - Copied: Screenshot (18).png -> Images
2026-04-13 18:08:11 - INFO - Copied: Screenshot (19).png -> Images
2026-04-13 18:08:11 - INFO - Copied: Screenshot (2).png -> Images
2026-04-13 18:08:11 - INFO - Copied: Screenshot (20).png -> Images
2026-04-13 18:08:11 - INFO - Copied: Screenshot (21).png -> Images
2026-04-13 18:08:11 - INFO - Copied: Screenshot (22).png -> Images
2026-04-13 18:08:11 - INFO - Copied: Screenshot (23).png -> Images
2026-04-13 18:08:11 - INFO - Copied: Screenshot (24).png -> Images
2026-04-13 18:08:11 - INFO - Copied: Screenshot (25).png -> Images
2026-04-13 18:08:11 - INFO - Copied: Screenshot (26).png -> Images
2026-04-13 18:08:11 - INFO - Copied: Screenshot (27).png -> Images
2026-04-13 18:08:11 - INFO - Copied: Screenshot (28).png -> Images
2026-04-13 18:08:11 - INFO - Copied: Screenshot (29).png -> Images
2026-04-13 18:08:11 - INFO - Copied: Screenshot (3).png -> Images
2026-04-13 18:08:11 - INFO - Copied: Screenshot (30).png -> Images
2026-04-13 18:08:11 - INFO - Copied: Screenshot (32).png -> Images
2026-04-13 18:08:11 - INFO - Copied: Screenshot (33).png -> Images
2026-04-13 18:08:11 - INFO - Copied: Screenshot (34).png -> Images
2026-04-13 18:08:11 - INFO - Copied: Screenshot (35).png -> Images
2026-04-13 18:08:11 - INFO - Copied: Screenshot (36).png -> Images
2026-04-13 18:08:11 - INFO - Copied: Screenshot (37).png -> Images
2026-04-13 18:08:11 - INFO - Copied: Screenshot (38).png -> Images
2026-04-13 18:08:11 - INFO - Copied: Screenshot (39).png -> Images
2026-04-13 18:08:11 - INFO - Copied: Screenshot (4).png -> Images
2026-04-13 18:08:11 - INFO - Copied: Screenshot (5).png -> Images
2026-04-13 18:08:11 - INFO - Copied: Screenshot (6).png -> Images
2026-04-13 18:08:11 - INFO - Copied: Screenshot (7).png -> Images
2026-04-13 18:08:11 - INFO - Copied: Screenshot (8).png -> Images
2026-04-13 18:08:11 - INFO - Copied: Screenshot (9).png -> Images
2026-04-13 18:08:11 - INFO - Copied: Screenshot 2026-01-05 143958.png -> Images
2026-04-13 18:08:11 - INFO - Copied: Screenshot 2026-01-09 011047.png -> Images
2026-04-13 18:08:11 - INFO - Copied: Screenshot 2026-01-09 220033.png -> Images
2026-04-13 18:08:11 - INFO - Copied: Screenshot 2026-01-13 131015.png -> Images
2026-04-13 18:08:11 - INFO - Copied: Screenshot 2026-01-14 062635.png -> Images
2026-04-13 18:08:11 - INFO - Copied: Screenshot 2026-01-14 091619.png -> Images
2026-04-13 18:08:11 - INFO - Copied: Screenshot 2026-01-15 113847.png -> Images
2026-04-13 18:08:11 - INFO - Copied: Screenshot 2026-01-15 125128.png -> Images
2026-04-13 18:08:11 - INFO - Copied: Screenshot 2026-01-15 140344.png -> Images
2026-04-13 18:08:11 - INFO - Copied: Screenshot 2026-01-16 050532.png -> Images
2026-04-13 18:08:11 - INFO - Copied: Screenshot 2026-02-04 193507.png -> Images
2026-04-13 18:08:11 - INFO - Copied: Screenshot 2026-02-04 220114.png -> Images
2026-04-13 18:08:11 - INFO - Copied: Screenshot 2026-02-08 183511.png -> Images
2026-04-13 18:08:11 - INFO - Copied: Screenshot 2026-02-09 181147.png -> Images
2026-04-13 18:08:11 - INFO - Copied: Screenshot 2026-02-09 181235.png -> Images
2026-04-13 18:08:11 - INFO - Copied: Screenshot 2026-02-10 121345.png -> Images
2026-04-13 18:08:11 - INFO - Copied: Screenshot 2026-02-10 125150.png -> Images
2026-04-13 18:08:11 - INFO - Copied: Screenshot 2026-02-10 125213.png -> Images
2026-04-13 18:08:11 - INFO - Copied: Screenshot 2026-02-10 125634.png -> Images
2026-04-13 18:08:11 - INFO - Copied: Screenshot 2026-02-10 205640.png -> Images
2026-04-13 18:08:11 - INFO - Copied: Screenshot 2026-02-11 190553.png -> Images
2026-04-13 18:08:11 - INFO - Copied: Screenshot 2026-02-11 231939.png -> Images
2026-04-13 18:08:11 - INFO - Copied: Screenshot 2026-02-12 112025.png -> Images
2026-04-13 18:08:11 - INFO - Copied: Screenshot 2026-02-12 114951.png -> Images
2026-04-13 18:08:11 - INFO - Copied: Screenshot 2026-02-12 115523.png -> Images
2026-04-13 18:08:11 - INFO - Copied: Screenshot 2026-02-13 174826.png -> Images
2026-04-13 18:08:11 - INFO - Copied: Screenshot 2026-02-15 212613.png -> Images
2026-04-13 18:08:11 - INFO - Copied: Screenshot 2026-02-15 225911.png -> Images
2026-04-13 18:08:11 - INFO - Copied: Screenshot 2026-02-15 230437.png -> Images
2026-04-13 18:08:11 - INFO - Copied: Screenshot 2026-02-15 230923.png -> Images
2026-04-13 18:08:11 - INFO - Copied: Screenshot 2026-02-17 094845.png -> Images
2026-04-13 18:08:11 - INFO - Copied: Screenshot 2026-02-17 095653.png -> Images
2026-04-13 18:08:11 - INFO - Copied: Screenshot 2026-02-17 104848.png -> Images
2026-04-13 18:08:11 - INFO - Copied: Screenshot 2026-02-17 111635.png -> Images
2026-04-13 18:08:11 - INFO - Copied: Screenshot 2026-02-20 004632.png -> Images
2026-04-13 18:08:11 - INFO - Copied: Screenshot 2026-02-21 154048.png -> Images
2026-04-13 18:08:11 - INFO - Copied: Screenshot 2026-02-22 232239.png -> Images
2026-04-13 18:08:11 - INFO - Copied: Screenshot 2026-02-22 232444.png -> Images
2026-04-13 18:08:11 - INFO - Copied: Screenshot 2026-02-22 232605.png -> Images
2026-04-13 18:08:11 - INFO - Copied: Screenshot 2026-02-22 232833.png -> Images
2026-04-13 18:08:11 - INFO - Copied: Screenshot 2026-02-23 212535.png -> Images
2026-04-13 18:08:11 - INFO - Copied: Screenshot 2026-02-23 221900.png -> Images
2026-04-13 18:08:11 - INFO - Copied: Screenshot 2026-02-23 222434.png -> Images
2026-04-13 18:08:11 - INFO - Copied: Screenshot 2026-02-23 223035.png -> Images
2026-04-13 18:08:11 - INFO - Copied: Screenshot 2026-02-23 223049.png -> Images
2026-04-13 18:08:11 - INFO - Copied: Screenshot 2026-02-23 223416.png -> Images
2026-04-13 18:08:11 - INFO - Copied: Screenshot 2026-02-23 223630.png -> Images
2026-04-13 18:08:11 - INFO - Copied: Screenshot 2026-02-23 223647.png -> Images
2026-04-13 18:08:11 - INFO - Copied: Screenshot 2026-02-25 155349.png -> Images
2026-04-13 18:08:11 - INFO - Copied: Screenshot 2026-02-25 165411.png -> Images
2026-04-13 18:08:11 - INFO - Copied: Screenshot 2026-02-26 114057.png -> Images
2026-04-13 18:08:11 - INFO - Copied: Screenshot 2026-03-01 132040.png -> Images
2026-04-13 18:08:11 - INFO - Copied: Screenshot 2026-03-01 174349.png -> Images
2026-04-13 18:08:11 - INFO - Copied: Screenshot 2026-03-01 191748.png -> Images
2026-04-13 18:08:11 - INFO - Copied: Screenshot 2026-03-01 215813.png -> Images
2026-04-13 18:08:11 - INFO - Copied: Screenshot 2026-03-01 231516.png -> Images
2026-04-13 18:08:11 - INFO - Copied: Screenshot 2026-03-03 121721.png -> Images
2026-04-13 18:08:11 - INFO - Copied: Screenshot 2026-03-03 122833.png -> Images
2026-04-13 18:08:11 - INFO - Copied: Screenshot 2026-03-03 123028.png -> Images
2026-04-13 18:08:11 - INFO - Copied: Screenshot 2026-03-04 202315.png -> Images
2026-04-13 18:08:11 - INFO - Copied: Screenshot 2026-03-04 203350.png -> Images
2026-04-13 18:08:11 - INFO - Copied: Screenshot 2026-03-06 164947.png -> Images
2026-04-13 18:08:11 - INFO - Copied: Screenshot 2026-03-08 220601.png -> Images
2026-04-13 18:08:11 - INFO - Copied: Screenshot 2026-03-10 204818.png -> Images
2026-04-13 18:08:11 - INFO - Copied: Screenshot 2026-03-11 032457.png -> Images
2026-04-13 18:08:11 - INFO - Copied: Screenshot 2026-03-17 095708.png -> Images
2026-04-13 18:08:11 - INFO - Copied: Screenshot 2026-03-17 102817.png -> Images
2026-04-13 18:08:11 - INFO - Copied: Screenshot 2026-03-17 102820.png -> Images
2026-04-13 18:08:11 - INFO - Copied: Screenshot 2026-03-17 104323.png -> Images
2026-04-13 18:08:11 - INFO - Copied: Screenshot 2026-03-17 110005.png -> Images
2026-04-13 18:08:11 - INFO - Copied: Screenshot 2026-03-17 110622.png -> Images
2026-04-13 18:08:11 - INFO - Copied: Screenshot 2026-03-19 142218.png -> Images
2026-04-13 18:08:11 - INFO - Copied: Screenshot 2026-03-23 094057.png -> Images
2026-04-13 18:08:11 - INFO - Copied: Screenshot 2026-03-30 232231.png -> Images
2026-04-13 18:08:11 - INFO - Copied: Screenshot 2026-03-31 000446.png -> Images
2026-04-13 18:08:11 - INFO - Copied: Screenshot 2026-04-05 015341.png -> Images
2026-04-13 18:08:11 - INFO - Copied: Screenshot 2026-04-05 194727.png -> Images
2026-04-13 18:08:11 - INFO - Copied: Screenshot 2026-04-07 080452.png -> Images
2026-04-13 18:08:11 - INFO - Copied: Screenshot 2026-04-07 090714.png -> Images
2026-04-13 18:08:11 - INFO - Copied: Screenshot 2026-04-07 105944.png -> Images
2026-04-13 18:08:11 - INFO - Copied: Screenshot 2026-04-07 112335.png -> Images
2026-04-13 18:08:11 - INFO - Copied: Screenshot 2026-04-07 112715.png -> Images
2026-04-13 18:08:11 - INFO - Copied: Screenshot 2026-04-07 113958.png -> Images
2026-04-13 18:08:11 - INFO - Copied: Screenshot 2026-04-07 114157.png -> Images
2026-04-13 18:08:11 - INFO - Copied: Screenshot 2026-04-07 115844.png -> Images
2026-04-13 18:08:11 - INFO - Copied: Screenshot 2026-04-07 121756.png -> Images
2026-04-13 18:08:11 - INFO - Copied: Screenshot 2026-04-07 121827.png -> Images
2026-04-13 18:08:11 - INFO - Copied: Screenshot 2026-04-08 235557.png -> Images
2026-04-13 18:08:11 - INFO - Copied: Screenshot 2026-04-10 214350.png -> Images
2026-04-13 18:08:11 - INFO - Copied: Screenshot 2026-04-11 230105.png -> Images
2026-04-13 18:08:11 - INFO - Copied: Screenshot 2026-04-12 192100.png -> Images
2026-04-13 18:08:11 - INFO - Copied: Screenshot 2026-04-12 193046.png -> Images
2026-04-13 18:08:11 - INFO - Copied: Screenshot 2026-04-12 194049.png -> Images
2026-04-13 18:08:11 - INFO - Copied: Screenshot 2026-04-13 010002.png -> Images
2026-04-13 18:08:11 - INFO - Copied: Screenshot 2026-04-13 173429.png -> Images
2026-04-13 18:08:11 - INFO - Organization complete. Copied 134 files.
2026-04-13 18:08:48 - INFO - Copied: Problem 1.png -> Images
2026-04-13 18:08:48 - INFO - Copied: Screenshot (1).png -> Images
2026-04-13 18:08:48 - INFO - Copied: Screenshot (10).png -> Images
2026-04-13 18:08:48 - INFO - Copied: Screenshot (11).png -> Images
2026-04-13 18:08:48 - INFO - Copied: Screenshot (12).png -> Images
2026-04-13 18:08:48 - INFO - Copied: Screenshot (13).png -> Images
2026-04-13 18:08:48 - INFO - Copied: Screenshot (14).png -> Images
2026-04-13 18:08:48 - INFO - Copied: Screenshot (15).png -> Images
2026-04-13 18:08:48 - INFO - Copied: Screenshot (16).png -> Images
2026-04-13 18:08:48 - INFO - Copied: Screenshot (17).png -> Images
2026-04-13 18:08:48 - INFO - Copied: Screenshot (18).png -> Images
2026-04-13 18:08:48 - INFO - Copied: Screenshot (19).png -> Images
2026-04-13 18:08:48 - INFO - Copied: Screenshot (2).png -> Images
2026-04-13 18:08:48 - INFO - Copied: Screenshot (20).png -> Images
2026-04-13 18:08:48 - INFO - Copied: Screenshot (21).png -> Images
2026-04-13 18:08:48 - INFO - Copied: Screenshot (22).png -> Images
2026-04-13 18:08:48 - INFO - Copied: Screenshot (23).png -> Images
2026-04-13 18:08:48 - INFO - Copied: Screenshot (24).png -> Images
2026-04-13 18:08:48 - INFO - Copied: Screenshot (25).png -> Images
2026-04-13 18:08:48 - INFO - Copied: Screenshot (26).png -> Images
2026-04-13 18:08:48 - INFO - Copied: Screenshot (27).png -> Images
2026-04-13 18:08:48 - INFO - Copied: Screenshot (28).png -> Images
2026-04-13 18:08:48 - INFO - Copied: Screenshot (29).png -> Images
2026-04-13 18:08:48 - INFO - Copied: Screenshot (3).png -> Images
2026-04-13 18:08:48 - INFO - Copied: Screenshot (30).png -> Images
2026-04-13 18:08:48 - INFO - Copied: Screenshot (32).png -> Images
2026-04-13 18:08:48 - INFO - Copied: Screenshot (33).png -> Images
2026-04-13 18:08:48 - INFO - Copied: Screenshot (34).png -> Images
2026-04-13 18:08:48 - INFO - Copied: Screenshot (35).png -> Images
2026-04-13 18:08:48 - INFO - Copied: Screenshot (36).png -> Images
2026-04-13 18:08:48 - INFO - Copied: Screenshot (37).png -> Images
2026-04-13 18:08:48 - INFO - Copied: Screenshot (38).png -> Images
2026-04-13 18:08:48 - INFO - Copied: Screenshot (39).png -> Images
2026-04-13 18:08:48 - INFO - Copied: Screenshot (4).png -> Images
2026-04-13 18:08:48 - INFO - Copied: Screenshot (5).png -> Images
2026-04-13 18:08:48 - INFO - Copied: Screenshot (6).png -> Images
2026-04-13 18:08:48 - INFO - Copied: Screenshot (7).png -> Images
2026-04-13 18:08:48 - INFO - Copied: Screenshot (8).png -> Images
2026-04-13 18:08:48 - INFO - Copied: Screenshot (9).png -> Images
2026-04-13 18:08:48 - INFO - Copied: Screenshot 2026-01-05 143958.png -> Images
2026-04-13 18:08:48 - INFO - Copied: Screenshot 2026-01-09 011047.png -> Images
2026-04-13 18:08:48 - INFO - Copied: Screenshot 2026-01-09 220033.png -> Images
2026-04-13 18:08:48 - INFO - Copied: Screenshot 2026-01-13 131015.png -> Images
2026-04-13 18:08:48 - INFO - Copied: Screenshot 2026-01-14 062635.png -> Images
2026-04-13 18:08:48 - INFO - Copied: Screenshot 2026-01-14 091619.png -> Images
2026-04-13 18:08:48 - INFO - Copied: Screenshot 2026-01-15 113847.png -> Images
2026-04-13 18:08:48 - INFO - Copied: Screenshot 2026-01-15 125128.png -> Images
2026-04-13 18:08:48 - INFO - Copied: Screenshot 2026-01-15 140344.png -> Images
2026-04-13 18:08:48 - INFO - Copied: Screenshot 2026-01-16 050532.png -> Images
2026-04-13 18:08:48 - INFO - Copied: Screenshot 2026-02-04 193507.png -> Images
2026-04-13 18:08:48 - INFO - Copied: Screenshot 2026-02-04 220114.png -> Images
2026-04-13 18:08:48 - INFO - Copied: Screenshot 2026-02-08 183511.png -> Images
2026-04-13 18:08:48 - INFO - Copied: Screenshot 2026-02-09 181147.png -> Images
2026-04-13 18:08:48 - INFO - Copied: Screenshot 2026-02-09 181235.png -> Images
2026-04-13 18:08:48 - INFO - Copied: Screenshot 2026-02-10 121345.png -> Images
2026-04-13 18:08:48 - INFO - Copied: Screenshot 2026-02-10 125150.png -> Images
2026-04-13 18:08:48 - INFO - Copied: Screenshot 2026-02-10 125213.png -> Images
2026-04-13 18:08:48 - INFO - Copied: Screenshot 2026-02-10 125634.png -> Images
2026-04-13 18:08:48 - INFO - Copied: Screenshot 2026-02-10 205640.png -> Images
2026-04-13 18:08:48 - INFO - Copied: Screenshot 2026-02-11 190553.png -> Images
2026-04-13 18:08:48 - INFO - Copied: Screenshot 2026-02-11 231939.png -> Images
2026-04-13 18:08:48 - INFO - Copied: Screenshot 2026-02-12 112025.png -> Images
2026-04-13 18:08:48 - INFO - Copied: Screenshot 2026-02-12 114951.png -> Images
2026-04-13 18:08:48 - INFO - Copied: Screenshot 2026-02-12 115523.png -> Images
2026-04-13 18:08:48 - INFO - Copied: Screenshot 2026-02-13 174826.png -> Images
2026-04-13 18:08:48 - INFO - Copied: Screenshot 2026-02-15 212613.png -> Images
2026-04-13 18:08:48 - INFO - Copied: Screenshot 2026-02-15 225911.png -> Images
2026-04-13 18:08:48 - INFO - Copied: Screenshot 2026-02-15 230437.png -> Images
2026-04-13 18:08:48 - INFO - Copied: Screenshot 2026-02-15 230923.png -> Images
2026-04-13 18:08:48 - INFO - Copied: Screenshot 2026-02-17 094845.png -> Images
2026-04-13 18:08:48 - INFO - Copied: Screenshot 2026-02-17 095653.png -> Images
2026-04-13 18:08:48 - INFO - Copied: Screenshot 2026-02-17 104848.png -> Images
2026-04-13 18:08:48 - INFO - Copied: Screenshot 2026-02-17 111635.png -> Images
2026-04-13 18:08:48 - INFO - Copied: Screenshot 2026-02-20 004632.png -> Images
2026-04-13 18:08:48 - INFO - Copied: Screenshot 2026-02-21 154048.png -> Images
2026-04-13 18:08:48 - INFO - Copied: Screenshot 2026-02-22 232239.png -> Images
2026-04-13 18:08:48 - INFO - Copied: Screenshot 2026-02-22 232444.png -> Images
2026-04-13 18:08:48 - INFO - Copied: Screenshot 2026-02-22 232605.png -> Images
2026-04-13 18:08:48 - INFO - Copied: Screenshot 2026-02-22 232833.png -> Images
2026-04-13 18:08:48 - INFO - Copied: Screenshot 2026-02-23 212535.png -> Images
2026-04-13 18:08:48 - INFO - Copied: Screenshot 2026-02-23 221900.png -> Images
2026-04-13 18:08:48 - INFO - Copied: Screenshot 2026-02-23 222434.png -> Images
2026-04-13 18:08:48 - INFO - Copied: Screenshot 2026-02-23 223035.png -> Images
2026-04-13 18:08:48 - INFO - Copied: Screenshot 2026-02-23 223049.png -> Images
2026-04-13 18:08:48 - INFO - Copied: Screenshot 2026-02-23 223416.png -> Images
2026-04-13 18:08:48 - INFO - Copied: Screenshot 2026-02-23 223630.png -> Images
2026-04-13 18:08:48 - INFO - Copied: Screenshot 2026-02-23 223647.png -> Images
2026-04-13 18:08:48 - INFO - Copied: Screenshot 2026-02-25 155349.png -> Images
2026-04-13 18:08:48 - INFO - Copied: Screenshot 2026-02-25 165411.png -> Images
2026-04-13 18:08:48 - INFO - Copied: Screenshot 2026-02-26 114057.png -> Images
2026-04-13 18:08:48 - INFO - Copied: Screenshot 2026-03-01 132040.png -> Images
2026-04-13 18:08:48 - INFO - Copied: Screenshot 2026-03-01 174349.png -> Images
2026-04-13 18:08:48 - INFO - Copied: Screenshot 2026-03-01 191748.png -> Images
2026-04-13 18:08:48 - INFO - Copied: Screenshot 2026-03-01 215813.png -> Images
2026-04-13 18:08:48 - INFO - Copied: Screenshot 2026-03-01 231516.png -> Images
2026-04-13 18:08:48 - INFO - Copied: Screenshot 2026-03-03 121721.png -> Images
2026-04-13 18:08:48 - INFO - Copied: Screenshot 2026-03-03 122833.png -> Images
2026-04-13 18:08:48 - INFO - Copied: Screenshot 2026-03-03 123028.png -> Images
2026-04-13 18:08:48 - INFO - Copied: Screenshot 2026-03-04 202315.png -> Images
2026-04-13 18:08:48 - INFO - Copied: Screenshot 2026-03-04 203350.png -> Images
2026-04-13 18:08:48 - INFO - Copied: Screenshot 2026-03-06 164947.png -> Images
2026-04-13 18:08:48 - INFO - Copied: Screenshot 2026-03-08 220601.png -> Images
2026-04-13 18:08:48 - INFO - Copied: Screenshot 2026-03-10 204818.png -> Images
2026-04-13 18:08:48 - INFO - Copied: Screenshot 2026-03-11 032457.png -> Images
2026-04-13 18:08:48 - INFO - Copied: Screenshot 2026-03-17 095708.png -> Images
2026-04-13 18:08:48 - INFO - Copied: Screenshot 2026-03-17 102817.png -> Images
2026-04-13 18:08:48 - INFO - Copied: Screenshot 2026-03-17 102820.png -> Images
2026-04-13 18:08:48 - INFO - Copied: Screenshot 2026-03-17 104323.png -> Images
2026-04-13 18:08:48 - INFO - Copied: Screenshot 2026-03-17 110005.png -> Images
2026-04-13 18:08:48 - INFO - Copied: Screenshot 2026-03-17 110622.png -> Images
2026-04-13 18:08:48 - INFO - Copied: Screenshot 2026-03-19 142218.png -> Images
2026-04-13 18:08:48 - INFO - Copied: Screenshot 2026-03-23 094057.png -> Images
2026-04-13 18:08:48 - INFO - Copied: Screenshot 2026-03-30 232231.png -> Images
2026-04-13 18:08:48 - INFO - Copied: Screenshot 2026-03-31 000446.png -> Images
2026-04-13 18:08:48 - INFO - Copied: Screenshot 2026-04-05 015341.png -> Images
2026-04-13 18:08:48 - INFO - Copied: Screenshot 2026-04-05 194727.png -> Images
2026-04-13 18:08:48 - INFO - Copied: Screenshot 2026-04-07 080452.png -> Images
2026-04-13 18:08:48 - INFO - Copied: Screenshot 2026-04-07 090714.png -> Images
2026-04-13 18:08:48 - INFO - Copied: Screenshot 2026-04-07 105944.png -> Images
2026-04-13 18:08:48 - INFO - Copied: Screenshot 2026-04-07 112335.png -> Images
2026-04-13 18:08:48 - INFO - Copied: Screenshot 2026-04-07 112715.png -> Images
2026-04-13 18:08:48 - INFO - Copied: Screenshot 2026-04-07 113958.png -> Images
2026-04-13 18:08:48 - INFO - Copied: Screenshot 2026-04-07 114157.png -> Images
2026-04-13 18:08:48 - INFO - Copied: Screenshot 2026-04-07 115844.png -> Images
2026-04-13 18:08:48 - INFO - Copied: Screenshot 2026-04-07 121756.png -> Images
2026-04-13 18:08:48 - INFO - Copied: Screenshot 2026-04-07 121827.png -> Images
2026-04-13 18:08:48 - INFO - Copied: Screenshot 2026-04-08 235557.png -> Images
2026-04-13 18:08:48 - INFO - Copied: Screenshot 2026-04-10 214350.png -> Images
2026-04-13 18:08:48 - INFO - Copied: Screenshot 2026-04-11 230105.png -> Images
2026-04-13 18:08:48 - INFO - Copied: Screenshot 2026-04-12 192100.png -> Images
2026-04-13 18:08:48 - INFO - Copied: Screenshot 2026-04-12 193046.png -> Images
2026-04-13 18:08:48 - INFO - Copied: Screenshot 2026-04-12 194049.png -> Images
2026-04-13 18:08:48 - INFO - Copied: Screenshot 2026-04-13 010002.png -> Images
2026-04-13 18:08:48 - INFO - Copied: Screenshot 2026-04-13 173429.png -> Images
2026-04-13 18:08:48 - INFO - Organization complete. Copied 134 files.
2026-04-13 18:08:53 - INFO - Copied: Problem 1.png -> Images
2026-04-13 18:08:53 - INFO - Copied: Screenshot (1).png -> Images
2026-04-13 18:08:53 - INFO - Copied: Screenshot (10).png -> Images
2026-04-13 18:08:53 - INFO - Copied: Screenshot (11).png -> Images
2026-04-13 18:08:53 - INFO - Copied: Screenshot (12).png -> Images
2026-04-13 18:08:53 - INFO - Copied: Screenshot (13).png -> Images
2026-04-13 18:08:53 - INFO - Copied: Screenshot (14).png -> Images
2026-04-13 18:08:53 - INFO - Copied: Screenshot (15).png -> Images
2026-04-13 18:08:53 - INFO - Copied: Screenshot (16).png -> Images
2026-04-13 18:08:53 - INFO - Copied: Screenshot (17).png -> Images
2026-04-13 18:08:53 - INFO - Copied: Screenshot (18).png -> Images
2026-04-13 18:08:53 - INFO - Copied: Screenshot (19).png -> Images
2026-04-13 18:08:53 - INFO - Copied: Screenshot (2).png -> Images
2026-04-13 18:08:53 - INFO - Copied: Screenshot (20).png -> Images
2026-04-13 18:08:53 - INFO - Copied: Screenshot (21).png -> Images
2026-04-13 18:08:53 - INFO - Copied: Screenshot (22).png -> Images
2026-04-13 18:08:53 - INFO - Copied: Screenshot (23).png -> Images
2026-04-13 18:08:53 - INFO - Copied: Screenshot (24).png -> Images
2026-04-13 18:08:53 - INFO - Copied: Screenshot (25).png -> Images
2026-04-13 18:08:53 - INFO - Copied: Screenshot (26).png -> Images
2026-04-13 18:08:53 - INFO - Copied: Screenshot (27).png -> Images
2026-04-13 18:08:53 - INFO - Copied: Screenshot (28).png -> Images
2026-04-13 18:08:53 - INFO - Copied: Screenshot (29).png -> Images
2026-04-13 18:08:53 - INFO - Copied: Screenshot (3).png -> Images
2026-04-13 18:08:53 - INFO - Copied: Screenshot (30).png -> Images
2026-04-13 18:08:53 - INFO - Copied: Screenshot (32).png -> Images
2026-04-13 18:08:53 - INFO - Copied: Screenshot (33).png -> Images
2026-04-13 18:08:53 - INFO - Copied: Screenshot (34).png -> Images
2026-04-13 18:08:53 - INFO - Copied: Screenshot (35).png -> Images
2026-04-13 18:08:53 - INFO - Copied: Screenshot (36).png -> Images
2026-04-13 18:08:53 - INFO - Copied: Screenshot (37).png -> Images
2026-04-13 18:08:53 - INFO - Copied: Screenshot (38).png -> Images
2026-04-13 18:08:53 - INFO - Copied: Screenshot (39).png -> Images
2026-04-13 18:08:53 - INFO - Copied: Screenshot (4).png -> Images
2026-04-13 18:08:53 - INFO - Copied: Screenshot (5).png -> Images
2026-04-13 18:08:53 - INFO - Copied: Screenshot (6).png -> Images
2026-04-13 18:08:53 - INFO - Copied: Screenshot (7).png -> Images
2026-04-13 18:08:53 - INFO - Copied: Screenshot (8).png -> Images
2026-04-13 18:08:53 - INFO - Copied: Screenshot (9).png -> Images
2026-04-13 18:08:53 - INFO - Copied: Screenshot 2026-01-05 143958.png -> Images
2026-04-13 18:08:53 - INFO - Copied: Screenshot 2026-01-09 011047.png -> Images
2026-04-13 18:08:53 - INFO - Copied: Screenshot 2026-01-09 220033.png -> Images
2026-04-13 18:08:53 - INFO - Copied: Screenshot 2026-01-13 131015.png -> Images
2026-04-13 18:08:53 - INFO - Copied: Screenshot 2026-01-14 062635.png -> Images
2026-04-13 18:08:53 - INFO - Copied: Screenshot 2026-01-14 091619.png -> Images
2026-04-13 18:08:53 - INFO - Copied: Screenshot 2026-01-15 113847.png -> Images
2026-04-13 18:08:53 - INFO - Copied: Screenshot 2026-01-15 125128.png -> Images
2026-04-13 18:08:53 - INFO - Copied: Screenshot 2026-01-15 140344.png -> Images
2026-04-13 18:08:53 - INFO - Copied: Screenshot 2026-01-16 050532.png -> Images
2026-04-13 18:08:53 - INFO - Copied: Screenshot 2026-02-04 193507.png -> Images
2026-04-13 18:08:53 - INFO - Copied: Screenshot 2026-02-04 220114.png -> Images
2026-04-13 18:08:53 - INFO - Copied: Screenshot 2026-02-08 183511.png -> Images
2026-04-13 18:08:53 - INFO - Copied: Screenshot 2026-02-09 181147.png -> Images
2026-04-13 18:08:53 - INFO - Copied: Screenshot 2026-02-09 181235.png -> Images
2026-04-13 18:08:53 - INFO - Copied: Screenshot 2026-02-10 121345.png -> Images
2026-04-13 18:08:53 - INFO - Copied: Screenshot 2026-02-10 125150.png -> Images
2026-04-13 18:08:53 - INFO - Copied: Screenshot 2026-02-10 125213.png -> Images
2026-04-13 18:08:53 - INFO - Copied: Screenshot 2026-02-10 125634.png -> Images
2026-04-13 18:08:53 - INFO - Copied: Screenshot 2026-02-10 205640.png -> Images
2026-04-13 18:08:53 - INFO - Copied: Screenshot 2026-02-11 190553.png -> Images
2026-04-13 18:08:53 - INFO - Copied: Screenshot 2026-02-11 231939.png -> Images
2026-04-13 18:08:53 - INFO - Copied: Screenshot 2026-02-12 112025.png -> Images
2026-04-13 18:08:53 - INFO - Copied: Screenshot 2026-02-12 114951.png -> Images
2026-04-13 18:08:53 - INFO - Copied: Screenshot 2026-02-12 115523.png -> Images
2026-04-13 18:08:53 - INFO - Copied: Screenshot 2026-02-13 174826.png -> Images
2026-04-13 18:08:53 - INFO - Copied: Screenshot 2026-02-15 212613.png -> Images
2026-04-13 18:08:53 - INFO - Copied: Screenshot 2026-02-15 225911.png -> Images
2026-04-13 18:08:53 - INFO - Copied: Screenshot 2026-02-15 230437.png -> Images
2026-04-13 18:08:53 - INFO - Copied: Screenshot 2026-02-15 230923.png -> Images
2026-04-13 18:08:53 - INFO - Copied: Screenshot 2026-02-17 094845.png -> Images
2026-04-13 18:08:53 - INFO - Copied: Screenshot 2026-02-17 095653.png -> Images
2026-04-13 18:08:53 - INFO - Copied: Screenshot 2026-02-17 104848.png -> Images
2026-04-13 18:08:53 - INFO - Copied: Screenshot 2026-02-17 111635.png -> Images
2026-04-13 18:08:53 - INFO - Copied: Screenshot 2026-02-20 004632.png -> Images
2026-04-13 18:08:53 - INFO - Copied: Screenshot 2026-02-21 154048.png -> Images
2026-04-13 18:08:53 - INFO - Copied: Screenshot 2026-02-22 232239.png -> Images
2026-04-13 18:08:53 - INFO - Copied: Screenshot 2026-02-22 232444.png -> Images
2026-04-13 18:08:53 - INFO - Copied: Screenshot 2026-02-22 232605.png -> Images
2026-04-13 18:08:53 - INFO - Copied: Screenshot 2026-02-22 232833.png -> Images
2026-04-13 18:08:53 - INFO - Copied: Screenshot 2026-02-23 212535.png -> Images
2026-04-13 18:08:53 - INFO - Copied: Screenshot 2026-02-23 221900.png -> Images
2026-04-13 18:08:53 - INFO - Copied: Screenshot 2026-02-23 222434.png -> Images
2026-04-13 18:08:53 - INFO - Copied: Screenshot 2026-02-23 223035.png -> Images
2026-04-13 18:08:53 - INFO - Copied: Screenshot 2026-02-23 223049.png -> Images
2026-04-13 18:08:53 - INFO - Copied: Screenshot 2026-02-23 223416.png -> Images
2026-04-13 18:08:53 - INFO - Copied: Screenshot 2026-02-23 223630.png -> Images
2026-04-13 18:08:53 - INFO - Copied: Screenshot 2026-02-23 223647.png -> Images
2026-04-13 18:08:53 - INFO - Copied: Screenshot 2026-02-25 155349.png -> Images
2026-04-13 18:08:53 - INFO - Copied: Screenshot 2026-02-25 165411.png -> Images
2026-04-13 18:08:53 - INFO - Copied: Screenshot 2026-02-26 114057.png -> Images
2026-04-13 18:08:53 - INFO - Copied: Screenshot 2026-03-01 132040.png -> Images
2026-04-13 18:08:53 - INFO - Copied: Screenshot 2026-03-01 174349.png -> Images
2026-04-13 18:08:53 - INFO - Copied: Screenshot 2026-03-01 191748.png -> Images
2026-04-13 18:08:53 - INFO - Copied: Screenshot 2026-03-01 215813.png -> Images
2026-04-13 18:08:53 - INFO - Copied: Screenshot 2026-03-01 231516.png -> Images
2026-04-13 18:08:53 - INFO - Copied: Screenshot 2026-03-03 121721.png -> Images
2026-04-13 18:08:53 - INFO - Copied: Screenshot 2026-03-03 122833.png -> Images
2026-04-13 18:08:53 - INFO - Copied: Screenshot 2026-03-03 123028.png -> Images
2026-04-13 18:08:53 - INFO - Copied: Screenshot 2026-03-04 202315.png -> Images
2026-04-13 18:08:53 - INFO - Copied: Screenshot 2026-03-04 203350.png -> Images
2026-04-13 18:08:53 - INFO - Copied: Screenshot 2026-03-06 164947.png -> Images
2026-04-13 18:08:53 - INFO - Copied: Screenshot 2026-03-08 220601.png -> Images
2026-04-13 18:08:53 - INFO - Copied: Screenshot 2026-03-10 204818.png -> Images
2026-04-13 18:08:53 - INFO - Copied: Screenshot 2026-03-11 032457.png -> Images
2026-04-13 18:08:53 - INFO - Copied: Screenshot 2026-03-17 095708.png -> Images
2026-04-13 18:08:53 - INFO - Copied: Screenshot 2026-03-17 102817.png -> Images
2026-04-13 18:08:53 - INFO - Copied: Screenshot 2026-03-17 102820.png -> Images
2026-04-13 18:08:53 - INFO - Copied: Screenshot 2026-03-17 104323.png -> Images
2026-04-13 18:08:53 - INFO - Copied: Screenshot 2026-03-17 110005.png -> Images
2026-04-13 18:08:53 - INFO - Copied: Screenshot 2026-03-17 110622.png -> Images
2026-04-13 18:08:53 - INFO - Copied: Screenshot 2026-03-19 142218.png -> Images
2026-04-13 18:08:53 - INFO - Copied: Screenshot 2026-03-23 094057.png -> Images
2026-04-13 18:08:53 - INFO - Copied: Screenshot 2026-03-30 232231.png -> Images
2026-04-13 18:08:53 - INFO - Copied: Screenshot 2026-03-31 000446.png -> Images
2026-04-13 18:08:53 - INFO - Copied: Screenshot 2026-04-05 015341.png -> Images
2026-04-13 18:08:53 - INFO - Copied: Screenshot 2026-04-05 194727.png -> Images
2026-04-13 18:08:53 - INFO - Copied: Screenshot 2026-04-07 080452.png -> Images
2026-04-13 18:08:53 - INFO - Copied: Screenshot 2026-04-07 090714.png -> Images
2026-04-13 18:08:53 - INFO - Copied: Screenshot 2026-04-07 105944.png -> Images
2026-04-13 18:08:53 - INFO - Copied: Screenshot 2026-04-07 112335.png -> Images
2026-04-13 18:08:53 - INFO - Copied: Screenshot 2026-04-07 112715.png -> Images
2026-04-13 18:08:53 - INFO - Copied: Screenshot 2026-04-07 113958.png -> Images
2026-04-13 18:08:53 - INFO - Copied: Screenshot 2026-04-07 114157.png -> Images
2026-04-13 18:08:53 - INFO - Copied: Screenshot 2026-04-07 115844.png -> Images
2026-04-13 18:08:53 - INFO - Copied: Screenshot 2026-04-07 121756.png -> Images
2026-04-13 18:08:53 - INFO - Copied: Screenshot 2026-04-07 121827.png -> Images
2026-04-13 18:08:53 - INFO - Copied: Screenshot 2026-04-08 235557.png -> Images
2026-04-13 18:08:53 - INFO - Copied: Screenshot 2026-04-10 214350.png -> Images
2026-04-13 18:08:53 - INFO - Copied: Screenshot 2026-04-11 230105.png -> Images
2026-04-13 18:08:53 - INFO - Copied: Screenshot 2026-04-12 192100.png -> Images
2026-04-13 18:08:53 - INFO - Copied: Screenshot 2026-04-12 193046.png -> Images
2026-04-13 18:08:53 - INFO - Copied: Screenshot 2026-04-12 194049.png -> Images
2026-04-13 18:08:53 - INFO - Copied: Screenshot 2026-04-13 010002.png -> Images
2026-04-13 18:08:53 - INFO - Copied: Screenshot 2026-04-13 173429.png -> Images
2026-04-13 18:08:53 - INFO - Organization complete. Copied 134 files.
2026-04-13 18:08:58 - INFO - Copied: Problem 1.png -> Images
2026-04-13 18:08:58 - INFO - Copied: Screenshot (1).png -> Images
2026-04-13 18:08:58 - INFO - Copied: Screenshot (10).png -> Images
2026-04-13 18:08:58 - INFO - Copied: Screenshot (11).png -> Images
2026-04-13 18:08:58 - INFO - Copied: Screenshot (12).png -> Images
2026-04-13 18:08:58 - INFO - Copied: Screenshot (13).png -> Images
2026-04-13 18:08:58 - INFO - Copied: Screenshot (14).png -> Images
2026-04-13 18:08:58 - INFO - Copied: Screenshot (15).png -> Images
2026-04-13 18:08:58 - INFO - Copied: Screenshot (16).png -> Images
2026-04-13 18:08:58 - INFO - Copied: Screenshot (17).png -> Images
2026-04-13 18:08:58 - INFO - Copied: Screenshot (18).png -> Images
2026-04-13 18:08:58 - INFO - Copied: Screenshot (19).png -> Images
2026-04-13 18:08:58 - INFO - Copied: Screenshot (2).png -> Images
2026-04-13 18:08:58 - INFO - Copied: Screenshot (20).png -> Images
2026-04-13 18:08:58 - INFO - Copied: Screenshot (21).png -> Images
2026-04-13 18:08:58 - INFO - Copied: Screenshot (22).png -> Images
2026-04-13 18:08:58 - INFO - Copied: Screenshot (23).png -> Images
2026-04-13 18:08:58 - INFO - Copied: Screenshot (24).png -> Images
2026-04-13 18:08:58 - INFO - Copied: Screenshot (25).png -> Images
2026-04-13 18:08:58 - INFO - Copied: Screenshot (26).png -> Images
2026-04-13 18:08:58 - INFO - Copied: Screenshot (27).png -> Images
2026-04-13 18:08:58 - INFO - Copied: Screenshot (28).png -> Images
2026-04-13 18:08:58 - INFO - Copied: Screenshot (29).png -> Images
2026-04-13 18:08:58 - INFO - Copied: Screenshot (3).png -> Images
2026-04-13 18:08:58 - INFO - Copied: Screenshot (30).png -> Images
2026-04-13 18:08:58 - INFO - Copied: Screenshot (32).png -> Images
2026-04-13 18:08:58 - INFO - Copied: Screenshot (33).png -> Images
2026-04-13 18:08:58 - INFO - Copied: Screenshot (34).png -> Images
2026-04-13 18:08:58 - INFO - Copied: Screenshot (35).png -> Images
2026-04-13 18:08:58 - INFO - Copied: Screenshot (36).png -> Images
2026-04-13 18:08:58 - INFO - Copied: Screenshot (37).png -> Images
2026-04-13 18:08:58 - INFO - Copied: Screenshot (38).png -> Images
2026-04-13 18:08:58 - INFO - Copied: Screenshot (39).png -> Images
2026-04-13 18:08:58 - INFO - Copied: Screenshot (4).png -> Images
2026-04-13 18:08:58 - INFO - Copied: Screenshot (5).png -> Images
2026-04-13 18:08:58 - INFO - Copied: Screenshot (6).png -> Images
2026-04-13 18:08:58 - INFO - Copied: Screenshot (7).png -> Images
2026-04-13 18:08:58 - INFO - Copied: Screenshot (8).png -> Images
2026-04-13 18:08:58 - INFO - Copied: Screenshot (9).png -> Images
2026-04-13 18:08:58 - INFO - Copied: Screenshot 2026-01-05 143958.png -> Images
2026-04-13 18:08:58 - INFO - Copied: Screenshot 2026-01-09 011047.png -> Images
2026-04-13 18:08:58 - INFO - Copied: Screenshot 2026-01-09 220033.png -> Images
2026-04-13 18:08:58 - INFO - Copied: Screenshot 2026-01-13 131015.png -> Images
2026-04-13 18:08:58 - INFO - Copied: Screenshot 2026-01-14 062635.png -> Images
2026-04-13 18:08:58 - INFO - Copied: Screenshot 2026-01-14 091619.png -> Images
2026-04-13 18:08:58 - INFO - Copied: Screenshot 2026-01-15 113847.png -> Images
2026-04-13 18:08:58 - INFO - Copied: Screenshot 2026-01-15 125128.png -> Images
2026-04-13 18:08:58 - INFO - Copied: Screenshot 2026-01-15 140344.png -> Images
2026-04-13 18:08:58 - INFO - Copied: Screenshot 2026-01-16 050532.png -> Images
2026-04-13 18:08:58 - INFO - Copied: Screenshot 2026-02-04 193507.png -> Images
2026-04-13 18:08:58 - INFO - Copied: Screenshot 2026-02-04 220114.png -> Images
2026-04-13 18:08:58 - INFO - Copied: Screenshot 2026-02-08 183511.png -> Images
2026-04-13 18:08:58 - INFO - Copied: Screenshot 2026-02-09 181147.png -> Images
2026-04-13 18:08:58 - INFO - Copied: Screenshot 2026-02-09 181235.png -> Images
2026-04-13 18:08:58 - INFO - Copied: Screenshot 2026-02-10 121345.png -> Images
2026-04-13 18:08:58 - INFO - Copied: Screenshot 2026-02-10 125150.png -> Images
2026-04-13 18:08:58 - INFO - Copied: Screenshot 2026-02-10 125213.png -> Images
2026-04-13 18:08:58 - INFO - Copied: Screenshot 2026-02-10 125634.png -> Images
2026-04-13 18:08:58 - INFO - Copied: Screenshot 2026-02-10 205640.png -> Images
2026-04-13 18:08:58 - INFO - Copied: Screenshot 2026-02-11 190553.png -> Images
2026-04-13 18:08:58 - INFO - Copied: Screenshot 2026-02-11 231939.png -> Images
2026-04-13 18:08:58 - INFO - Copied: Screenshot 2026-02-12 112025.png -> Images
2026-04-13 18:08:58 - INFO - Copied: Screenshot 2026-02-12 114951.png -> Images
2026-04-13 18:08:58 - INFO - Copied: Screenshot 2026-02-12 115523.png -> Images
2026-04-13 18:08:58 - INFO - Copied: Screenshot 2026-02-13 174826.png -> Images
2026-04-13 18:08:58 - INFO - Copied: Screenshot 2026-02-15 212613.png -> Images
2026-04-13 18:08:58 - INFO - Copied: Screenshot 2026-02-15 225911.png -> Images
2026-04-13 18:08:58 - INFO - Copied: Screenshot 2026-02-15 230437.png -> Images
2026-04-13 18:08:58 - INFO - Copied: Screenshot 2026-02-15 230923.png -> Images
2026-04-13 18:08:58 - INFO - Copied: Screenshot 2026-02-17 094845.png -> Images
2026-04-13 18:08:58 - INFO - Copied: Screenshot 2026-02-17 095653.png -> Images
2026-04-13 18:08:58 - INFO - Copied: Screenshot 2026-02-17 104848.png -> Images
2026-04-13 18:08:58 - INFO - Copied: Screenshot 2026-02-17 111635.png -> Images
2026-04-13 18:08:58 - INFO - Copied: Screenshot 2026-02-20 004632.png -> Images
2026-04-13 18:08:58 - INFO - Copied: Screenshot 2026-02-21 154048.png -> Images
2026-04-13 18:08:58 - INFO - Copied: Screenshot 2026-02-22 232239.png -> Images
2026-04-13 18:08:58 - INFO - Copied: Screenshot 2026-02-22 232444.png -> Images
2026-04-13 18:08:58 - INFO - Copied: Screenshot 2026-02-22 232605.png -> Images
2026-04-13 18:08:58 - INFO - Copied: Screenshot 2026-02-22 232833.png -> Images
2026-04-13 18:08:58 - INFO - Copied: Screenshot 2026-02-23 212535.png -> Images
2026-04-13 18:08:58 - INFO - Copied: Screenshot 2026-02-23 221900.png -> Images
2026-04-13 18:08:58 - INFO - Copied: Screenshot 2026-02-23 222434.png -> Images
2026-04-13 18:08:58 - INFO - Copied: Screenshot 2026-02-23 223035.png -> Images
2026-04-13 18:08:58 - INFO - Copied: Screenshot 2026-02-23 223049.png -> Images
2026-04-13 18:08:58 - INFO - Copied: Screenshot 2026-02-23 223416.png -> Images
2026-04-13 18:08:58 - INFO - Copied: Screenshot 2026-02-23 223630.png -> Images
2026-04-13 18:08:58 - INFO - Copied: Screenshot 2026-02-23 223647.png -> Images
2026-04-13 18:08:58 - INFO - Copied: Screenshot 2026-02-25 155349.png -> Images
2026-04-13 18:08:58 - INFO - Copied: Screenshot 2026-02-25 165411.png -> Images
2026-04-13 18:08:58 - INFO - Copied: Screenshot 2026-02-26 114057.png -> Images
2026-04-13 18:08:58 - INFO - Copied: Screenshot 2026-03-01 132040.png -> Images
2026-04-13 18:08:58 - INFO - Copied: Screenshot 2026-03-01 174349.png -> Images
2026-04-13 18:08:58 - INFO - Copied: Screenshot 2026-03-01 191748.png -> Images
2026-04-13 18:08:58 - INFO - Copied: Screenshot 2026-03-01 215813.png -> Images
2026-04-13 18:08:58 - INFO - Copied: Screenshot 2026-03-01 231516.png -> Images
2026-04-13 18:08:58 - INFO - Copied: Screenshot 2026-03-03 121721.png -> Images
2026-04-13 18:08:58 - INFO - Copied: Screenshot 2026-03-03 122833.png -> Images
2026-04-13 18:08:58 - INFO - Copied: Screenshot 2026-03-03 123028.png -> Images
2026-04-13 18:08:58 - INFO - Copied: Screenshot 2026-03-04 202315.png -> Images
2026-04-13 18:08:58 - INFO - Copied: Screenshot 2026-03-04 203350.png -> Images
2026-04-13 18:08:58 - INFO - Copied: Screenshot 2026-03-06 164947.png -> Images
2026-04-13 18:08:58 - INFO - Copied: Screenshot 2026-03-08 220601.png -> Images
2026-04-13 18:08:58 - INFO - Copied: Screenshot 2026-03-10 204818.png -> Images
2026-04-13 18:08:58 - INFO - Copied: Screenshot 2026-03-11 032457.png -> Images
2026-04-13 18:08:58 - INFO - Copied: Screenshot 2026-03-17 095708.png -> Images
2026-04-13 18:08:58 - INFO - Copied: Screenshot 2026-03-17 102817.png -> Images
2026-04-13 18:08:58 - INFO - Copied: Screenshot 2026-03-17 102820.png -> Images
2026-04-13 18:08:58 - INFO - Copied: Screenshot 2026-03-17 104323.png -> Images
2026-04-13 18:08:58 - INFO - Copied: Screenshot 2026-03-17 110005.png -> Images
2026-04-13 18:08:58 - INFO - Copied: Screenshot 2026-03-17 110622.png -> Images
2026-04-13 18:08:58 - INFO - Copied: Screenshot 2026-03-19 142218.png -> Images
2026-04-13 18:08:58 - INFO - Copied: Screenshot 2026-03-23 094057.png -> Images
2026-04-13 18:08:58 - INFO - Copied: Screenshot 2026-03-30 232231.png -> Images
2026-04-13 18:08:58 - INFO - Copied: Screenshot 2026-03-31 000446.png -> Images
2026-04-13 18:08:58 - INFO - Copied: Screenshot 2026-04-05 015341.png -> Images
2026-04-13 18:08:58 - INFO - Copied: Screenshot 2026-04-05 194727.png -> Images
2026-04-13 18:08:58 - INFO - Copied: Screenshot 2026-04-07 080452.png -> Images
2026-04-13 18:08:58 - INFO - Copied: Screenshot 2026-04-07 090714.png -> Images
2026-04-13 18:08:58 - INFO - Copied: Screenshot 2026-04-07 105944.png -> Images
2026-04-13 18:08:58 - INFO - Copied: Screenshot 2026-04-07 112335.png -> Images
2026-04-13 18:08:58 - INFO - Copied: Screenshot 2026-04-07 112715.png -> Images
2026-04-13 18:08:58 - INFO - Copied: Screenshot 2026-04-07 113958.png -> Images
2026-04-13 18:08:58 - INFO - Copied: Screenshot 2026-04-07 114157.png -> Images
2026-04-13 18:08:58 - INFO - Copied: Screenshot 2026-04-07 115844.png -> Images
2026-04-13 18:08:58 - INFO - Copied: Screenshot 2026-04-07 121756.png -> Images
2026-04-13 18:08:58 - INFO - Copied: Screenshot 2026-04-07 121827.png -> Images
2026-04-13 18:08:58 - INFO - Copied: Screenshot 2026-04-08 235557.png -> Images
2026-04-13 18:08:58 - INFO - Copied: Screenshot 2026-04-10 214350.png -> Images
2026-04-13 18:08:58 - INFO - Copied: Screenshot 2026-04-11 230105.png -> Images
2026-04-13 18:08:58 - INFO - Copied: Screenshot 2026-04-12 192100.png -> Images
2026-04-13 18:08:58 - INFO - Copied: Screenshot 2026-04-12 193046.png -> Images
2026-04-13 18:08:58 - INFO - Copied: Screenshot 2026-04-12 194049.png -> Images
2026-04-13 18:08:58 - INFO - Copied: Screenshot 2026-04-13 010002.png -> Images
2026-04-13 18:08:58 - INFO - Copied: Screenshot 2026-04-13 173429.png -> Images
2026-04-13 18:08:58 - INFO - Organization complete. Copied 134 files.
2026-04-13 18:09:08 - WARNING - Skipped (Already Exists): Problem 1.png
2026-04-13 18:09:08 - WARNING - Skipped (Already Exists): Screenshot (1).png
2026-04-13 18:09:08 - WARNING - Skipped (Already Exists): Screenshot (10).png
2026-04-13 18:09:08 - WARNING - Skipped (Already Exists): Screenshot (11).png
2026-04-13 18:09:08 - WARNING - Skipped (Already Exists): Screenshot (12).png
2026-04-13 18:09:08 - WARNING - Skipped (Already Exists): Screenshot (13).png
2026-04-13 18:09:08 - WARNING - Skipped (Already Exists): Screenshot (14).png
2026-04-13 18:09:08 - WARNING - Skipped (Already Exists): Screenshot (15).png
2026-04-13 18:09:08 - WARNING - Skipped (Already Exists): Screenshot (16).png
2026-04-13 18:09:08 - WARNING - Skipped (Already Exists): Screenshot (17).png
2026-04-13 18:09:08 - WARNING - Skipped (Already Exists): Screenshot (18).png
2026-04-13 18:09:08 - WARNING - Skipped (Already Exists): Screenshot (19).png
2026-04-13 18:09:08 - WARNING - Skipped (Already Exists): Screenshot (2).png
2026-04-13 18:09:08 - WARNING - Skipped (Already Exists): Screenshot (20).png
2026-04-13 18:09:08 - WARNING - Skipped (Already Exists): Screenshot (21).png
2026-04-13 18:09:08 - WARNING - Skipped (Already Exists): Screenshot (22).png
2026-04-13 18:09:08 - WARNING - Skipped (Already Exists): Screenshot (23).png
2026-04-13 18:09:08 - WARNING - Skipped (Already Exists): Screenshot (24).png
2026-04-13 18:09:08 - WARNING - Skipped (Already Exists): Screenshot (25).png
2026-04-13 18:09:08 - WARNING - Skipped (Already Exists): Screenshot (26).png
2026-04-13 18:09:08 - WARNING - Skipped (Already Exists): Screenshot (27).png
2026-04-13 18:09:08 - WARNING - Skipped (Already Exists): Screenshot (28).png
2026-04-13 18:09:08 - WARNING - Skipped (Already Exists): Screenshot (29).png
2026-04-13 18:09:08 - WARNING - Skipped (Already Exists): Screenshot (3).png
2026-04-13 18:09:08 - WARNING - Skipped (Already Exists): Screenshot (30).png
2026-04-13 18:09:08 - WARNING - Skipped (Already Exists): Screenshot (32).png
2026-04-13 18:09:08 - WARNING - Skipped (Already Exists): Screenshot (33).png
2026-04-13 18:09:08 - WARNING - Skipped (Already Exists): Screenshot (34).png
2026-04-13 18:09:08 - WARNING - Skipped (Already Exists): Screenshot (35).png
2026-04-13 18:09:08 - WARNING - Skipped (Already Exists): Screenshot (36).png
2026-04-13 18:09:08 - WARNING - Skipped (Already Exists): Screenshot (37).png
2026-04-13 18:09:08 - WARNING - Skipped (Already Exists): Screenshot (38).png
2026-04-13 18:09:08 - WARNING - Skipped (Already Exists): Screenshot (39).png
2026-04-13 18:09:08 - WARNING - Skipped (Already Exists): Screenshot (4).png
2026-04-13 18:09:08 - WARNING - Skipped (Already Exists): Screenshot (5).png
2026-04-13 18:09:08 - WARNING - Skipped (Already Exists): Screenshot (6).png
2026-04-13 18:09:08 - WARNING - Skipped (Already Exists): Screenshot (7).png
2026-04-13 18:09:08 - WARNING - Skipped (Already Exists): Screenshot (8).png
2026-04-13 18:09:08 - WARNING - Skipped (Already Exists): Screenshot (9).png
2026-04-13 18:09:08 - WARNING - Skipped (Already Exists): Screenshot 2026-01-05 143958.png
2026-04-13 18:09:08 - WARNING - Skipped (Already Exists): Screenshot 2026-01-09 011047.png
2026-04-13 18:09:08 - WARNING - Skipped (Already Exists): Screenshot 2026-01-09 220033.png
2026-04-13 18:09:08 - WARNING - Skipped (Already Exists): Screenshot 2026-01-13 131015.png
2026-04-13 18:09:08 - WARNING - Skipped (Already Exists): Screenshot 2026-01-14 062635.png
2026-04-13 18:09:08 - WARNING - Skipped (Already Exists): Screenshot 2026-01-14 091619.png
2026-04-13 18:09:08 - WARNING - Skipped (Already Exists): Screenshot 2026-01-15 113847.png
2026-04-13 18:09:08 - WARNING - Skipped (Already Exists): Screenshot 2026-01-15 125128.png
2026-04-13 18:09:08 - WARNING - Skipped (Already Exists): Screenshot 2026-01-15 140344.png
2026-04-13 18:09:08 - WARNING - Skipped (Already Exists): Screenshot 2026-01-16 050532.png
2026-04-13 18:09:08 - WARNING - Skipped (Already Exists): Screenshot 2026-02-04 193507.png
2026-04-13 18:09:08 - WARNING - Skipped (Already Exists): Screenshot 2026-02-04 220114.png
2026-04-13 18:09:08 - WARNING - Skipped (Already Exists): Screenshot 2026-02-08 183511.png
2026-04-13 18:09:08 - WARNING - Skipped (Already Exists): Screenshot 2026-02-09 181147.png
2026-04-13 18:09:08 - WARNING - Skipped (Already Exists): Screenshot 2026-02-09 181235.png
2026-04-13 18:09:08 - WARNING - Skipped (Already Exists): Screenshot 2026-02-10 121345.png
2026-04-13 18:09:08 - WARNING - Skipped (Already Exists): Screenshot 2026-02-10 125150.png
2026-04-13 18:09:08 - WARNING - Skipped (Already Exists): Screenshot 2026-02-10 125213.png
2026-04-13 18:09:08 - WARNING - Skipped (Already Exists): Screenshot 2026-02-10 125634.png
2026-04-13 18:09:08 - WARNING - Skipped (Already Exists): Screenshot 2026-02-10 205640.png
2026-04-13 18:09:08 - WARNING - Skipped (Already Exists): Screenshot 2026-02-11 190553.png
2026-04-13 18:09:08 - WARNING - Skipped (Already Exists): Screenshot 2026-02-11 231939.png
2026-04-13 18:09:08 - WARNING - Skipped (Already Exists): Screenshot 2026-02-12 112025.png
2026-04-13 18:09:08 - WARNING - Skipped (Already Exists): Screenshot 2026-02-12 114951.png
2026-04-13 18:09:08 - WARNING - Skipped (Already Exists): Screenshot 2026-02-12 115523.png
2026-04-13 18:09:08 - WARNING - Skipped (Already Exists): Screenshot 2026-02-13 174826.png
2026-04-13 18:09:08 - WARNING - Skipped (Already Exists): Screenshot 2026-02-15 212613.png
2026-04-13 18:09:08 - WARNING - Skipped (Already Exists): Screenshot 2026-02-15 225911.png
2026-04-13 18:09:08 - WARNING - Skipped (Already Exists): Screenshot 2026-02-15 230437.png
2026-04-13 18:09:08 - WARNING - Skipped (Already Exists): Screenshot 2026-02-15 230923.png
2026-04-13 18:09:08 - WARNING - Skipped (Already Exists): Screenshot 2026-02-17 094845.png
2026-04-13 18:09:08 - WARNING - Skipped (Already Exists): Screenshot 2026-02-17 095653.png
2026-04-13 18:09:08 - WARNING - Skipped (Already Exists): Screenshot 2026-02-17 104848.png
2026-04-13 18:09:08 - WARNING - Skipped (Already Exists): Screenshot 2026-02-17 111635.png
2026-04-13 18:09:08 - WARNING - Skipped (Already Exists): Screenshot 2026-02-20 004632.png
2026-04-13 18:09:08 - WARNING - Skipped (Already Exists): Screenshot 2026-02-21 154048.png
2026-04-13 18:09:08 - WARNING - Skipped (Already Exists): Screenshot 2026-02-22 232239.png
2026-04-13 18:09:08 - WARNING - Skipped (Already Exists): Screenshot 2026-02-22 232444.png
2026-04-13 18:09:08 - WARNING - Skipped (Already Exists): Screenshot 2026-02-22 232605.png
2026-04-13 18:09:08 - WARNING - Skipped (Already Exists): Screenshot 2026-02-22 232833.png
2026-04-13 18:09:08 - WARNING - Skipped (Already Exists): Screenshot 2026-02-23 212535.png
2026-04-13 18:09:08 - WARNING - Skipped (Already Exists): Screenshot 2026-02-23 221900.png
2026-04-13 18:09:08 - WARNING - Skipped (Already Exists): Screenshot 2026-02-23 222434.png
2026-04-13 18:09:08 - WARNING - Skipped (Already Exists): Screenshot 2026-02-23 223035.png
2026-04-13 18:09:08 - WARNING - Skipped (Already Exists): Screenshot 2026-02-23 223049.png
2026-04-13 18:09:08 - WARNING - Skipped (Already Exists): Screenshot 2026-02-23 223416.png
2026-04-13 18:09:08 - WARNING - Skipped (Already Exists): Screenshot 2026-02-23 223630.png
2026-04-13 18:09:08 - WARNING - Skipped (Already Exists): Screenshot 2026-02-23 223647.png
2026-04-13 18:09:08 - WARNING - Skipped (Already Exists): Screenshot 2026-02-25 155349.png
2026-04-13 18:09:08 - WARNING - Skipped (Already Exists): Screenshot 2026-02-25 165411.png
2026-04-13 18:09:08 - WARNING - Skipped (Already Exists): Screenshot 2026-02-26 114057.png
2026-04-13 18:09:08 - WARNING - Skipped (Already Exists): Screenshot 2026-03-01 132040.png
2026-04-13 18:09:08 - WARNING - Skipped (Already Exists): Screenshot 2026-03-01 174349.png
2026-04-13 18:09:08 - WARNING - Skipped (Already Exists): Screenshot 2026-03-01 191748.png
2026-04-13 18:09:08 - WARNING - Skipped (Already Exists): Screenshot 2026-03-01 215813.png
2026-04-13 18:09:08 - WARNING - Skipped (Already Exists): Screenshot 2026-03-01 231516.png
2026-04-13 18:09:08 - WARNING - Skipped (Already Exists): Screenshot 2026-03-03 121721.png
2026-04-13 18:09:08 - WARNING - Skipped (Already Exists): Screenshot 2026-03-03 122833.png
2026-04-13 18:09:08 - WARNING - Skipped (Already Exists): Screenshot 2026-03-03 123028.png
2026-04-13 18:09:08 - WARNING - Skipped (Already Exists): Screenshot 2026-03-04 202315.png
2026-04-13 18:09:08 - WARNING - Skipped (Already Exists): Screenshot 2026-03-04 203350.png
2026-04-13 18:09:08 - WARNING - Skipped (Already Exists): Screenshot 2026-03-06 164947.png
2026-04-13 18:09:08 - WARNING - Skipped (Already Exists): Screenshot 2026-03-08 220601.png
2026-04-13 18:09:08 - WARNING - Skipped (Already Exists): Screenshot 2026-03-10 204818.png
2026-04-13 18:09:08 - WARNING - Skipped (Already Exists): Screenshot 2026-03-11 032457.png
2026-04-13 18:09:08 - WARNING - Skipped (Already Exists): Screenshot 2026-03-17 095708.png
2026-04-13 18:09:08 - WARNING - Skipped (Already Exists): Screenshot 2026-03-17 102817.png
2026-04-13 18:09:08 - WARNING - Skipped (Already Exists): Screenshot 2026-03-17 102820.png
2026-04-13 18:09:08 - WARNING - Skipped (Already Exists): Screenshot 2026-03-17 104323.png
2026-04-13 18:09:08 - WARNING - Skipped (Already Exists): Screenshot 2026-03-17 110005.png
2026-04-13 18:09:08 - WARNING - Skipped (Already Exists): Screenshot 2026-03-17 110622.png
2026-04-13 18:09:08 - WARNING - Skipped (Already Exists): Screenshot 2026-03-19 142218.png
2026-04-13 18:09:08 - WARNING - Skipped (Already Exists): Screenshot 2026-03-23 094057.png
2026-04-13 18:09:08 - WARNING - Skipped (Already Exists): Screenshot 2026-03-30 232231.png
2026-04-13 18:09:08 - WARNING - Skipped (Already Exists): Screenshot 2026-03-31 000446.png
2026-04-13 18:09:08 - WARNING - Skipped (Already Exists): Screenshot 2026-04-05 015341.png
2026-04-13 18:09:08 - WARNING - Skipped (Already Exists): Screenshot 2026-04-05 194727.png
2026-04-13 18:09:08 - WARNING - Skipped (Already Exists): Screenshot 2026-04-07 080452.png
2026-04-13 18:09:08 - WARNING - Skipped (Already Exists): Screenshot 2026-04-07 090714.png
2026-04-13 18:09:08 - WARNING - Skipped (Already Exists): Screenshot 2026-04-07 105944.png
2026-04-13 18:09:08 - WARNING - Skipped (Already Exists): Screenshot 2026-04-07 112335.png
2026-04-13 18:09:08 - WARNING - Skipped (Already Exists): Screenshot 2026-04-07 112715.png
2026-04-13 18:09:08 - WARNING - Skipped (Already Exists): Screenshot 2026-04-07 113958.png
2026-04-13 18:09:08 - WARNING - Skipped (Already Exists): Screenshot 2026-04-07 114157.png
2026-04-13 18:09:08 - WARNING - Skipped (Already Exists): Screenshot 2026-04-07 115844.png
2026-04-13 18:09:08 - WARNING - Skipped (Already Exists): Screenshot 2026-04-07 121756.png
2026-04-13 18:09:08 - WARNING - Skipped (Already Exists): Screenshot 2026-04-07 121827.png
2026-04-13 18:09:08 - WARNING - Skipped (Already Exists): Screenshot 2026-04-08 235557.png
2026-04-13 18:09:08 - WARNING - Skipped (Already Exists): Screenshot 2026-04-10 214350.png
2026-04-13 18:09:08 - WARNING - Skipped (Already Exists): Screenshot 2026-04-11 230105.png
2026-04-13 18:09:08 - WARNING - Skipped (Already Exists): Screenshot 2026-04-12 192100.png
2026-04-13 18:09:08 - WARNING - Skipped (Already Exists): Screenshot 2026-04-12 193046.png
2026-04-13 18:09:08 - WARNING - Skipped (Already Exists): Screenshot 2026-04-12 194049.png
2026-04-13 18:09:08 - WARNING - Skipped (Already Exists): Screenshot 2026-04-13 010002.png
2026-04-13 18:09:08 - WARNING - Skipped (Already Exists): Screenshot 2026-04-13 173429.png
2026-04-13 18:09:08 - INFO - Organization complete. Copied 0 files.
2026-04-13 18:09:22 - WARNING - Skipped (Already Exists): Problem 1.png
2026-04-13 18:09:22 - WARNING - Skipped (Already Exists): Screenshot (1).png
2026-04-13 18:09:22 - WARNING - Skipped (Already Exists): Screenshot (10).png
2026-04-13 18:09:22 - WARNING - Skipped (Already Exists): Screenshot (11).png
2026-04-13 18:09:22 - WARNING - Skipped (Already Exists): Screenshot (12).png
2026-04-13 18:09:22 - WARNING - Skipped (Already Exists): Screenshot (13).png
2026-04-13 18:09:22 - WARNING - Skipped (Already Exists): Screenshot (14).png
2026-04-13 18:09:22 - WARNING - Skipped (Already Exists): Screenshot (15).png
2026-04-13 18:09:22 - WARNING - Skipped (Already Exists): Screenshot (16).png
2026-04-13 18:09:22 - WARNING - Skipped (Already Exists): Screenshot (17).png
2026-04-13 18:09:22 - WARNING - Skipped (Already Exists): Screenshot (18).png
2026-04-13 18:09:22 - WARNING - Skipped (Already Exists): Screenshot (19).png
2026-04-13 18:09:22 - WARNING - Skipped (Already Exists): Screenshot (2).png
2026-04-13 18:09:22 - WARNING - Skipped (Already Exists): Screenshot (20).png
2026-04-13 18:09:22 - WARNING - Skipped (Already Exists): Screenshot (21).png
2026-04-13 18:09:22 - WARNING - Skipped (Already Exists): Screenshot (22).png
2026-04-13 18:09:22 - WARNING - Skipped (Already Exists): Screenshot (23).png
2026-04-13 18:09:22 - WARNING - Skipped (Already Exists): Screenshot (24).png
2026-04-13 18:09:22 - WARNING - Skipped (Already Exists): Screenshot (25).png
2026-04-13 18:09:22 - WARNING - Skipped (Already Exists): Screenshot (26).png
2026-04-13 18:09:22 - WARNING - Skipped (Already Exists): Screenshot (27).png
2026-04-13 18:09:22 - WARNING - Skipped (Already Exists): Screenshot (28).png
2026-04-13 18:09:22 - WARNING - Skipped (Already Exists): Screenshot (29).png
2026-04-13 18:09:22 - WARNING - Skipped (Already Exists): Screenshot (3).png
2026-04-13 18:09:22 - WARNING - Skipped (Already Exists): Screenshot (30).png
2026-04-13 18:09:22 - WARNING - Skipped (Already Exists): Screenshot (32).png
2026-04-13 18:09:22 - WARNING - Skipped (Already Exists): Screenshot (33).png
2026-04-13 18:09:22 - WARNING - Skipped (Already Exists): Screenshot (34).png
2026-04-13 18:09:22 - WARNING - Skipped (Already Exists): Screenshot (35).png
2026-04-13 18:09:22 - WARNING - Skipped (Already Exists): Screenshot (36).png
2026-04-13 18:09:22 - WARNING - Skipped (Already Exists): Screenshot (37).png
2026-04-13 18:09:22 - WARNING - Skipped (Already Exists): Screenshot (38).png
2026-04-13 18:09:22 - WARNING - Skipped (Already Exists): Screenshot (39).png
2026-04-13 18:09:22 - WARNING - Skipped (Already Exists): Screenshot (4).png
2026-04-13 18:09:22 - WARNING - Skipped (Already Exists): Screenshot (5).png
2026-04-13 18:09:22 - WARNING - Skipped (Already Exists): Screenshot (6).png
2026-04-13 18:09:22 - WARNING - Skipped (Already Exists): Screenshot (7).png
2026-04-13 18:09:22 - WARNING - Skipped (Already Exists): Screenshot (8).png
2026-04-13 18:09:22 - WARNING - Skipped (Already Exists): Screenshot (9).png
2026-04-13 18:09:22 - WARNING - Skipped (Already Exists): Screenshot 2026-01-05 143958.png
2026-04-13 18:09:22 - WARNING - Skipped (Already Exists): Screenshot 2026-01-09 011047.png
2026-04-13 18:09:22 - WARNING - Skipped (Already Exists): Screenshot 2026-01-09 220033.png
2026-04-13 18:09:22 - WARNING - Skipped (Already Exists): Screenshot 2026-01-13 131015.png
2026-04-13 18:09:22 - WARNING - Skipped (Already Exists): Screenshot 2026-01-14 062635.png
2026-04-13 18:09:22 - WARNING - Skipped (Already Exists): Screenshot 2026-01-14 091619.png
2026-04-13 18:09:22 - WARNING - Skipped (Already Exists): Screenshot 2026-01-15 113847.png
2026-04-13 18:09:22 - WARNING - Skipped (Already Exists): Screenshot 2026-01-15 125128.png
2026-04-13 18:09:22 - WARNING - Skipped (Already Exists): Screenshot 2026-01-15 140344.png
2026-04-13 18:09:22 - WARNING - Skipped (Already Exists): Screenshot 2026-01-16 050532.png
2026-04-13 18:09:22 - WARNING - Skipped (Already Exists): Screenshot 2026-02-04 193507.png
2026-04-13 18:09:22 - WARNING - Skipped (Already Exists): Screenshot 2026-02-04 220114.png
2026-04-13 18:09:22 - WARNING - Skipped (Already Exists): Screenshot 2026-02-08 183511.png
2026-04-13 18:09:22 - WARNING - Skipped (Already Exists): Screenshot 2026-02-09 181147.png
2026-04-13 18:09:22 - WARNING - Skipped (Already Exists): Screenshot 2026-02-09 181235.png
2026-04-13 18:09:22 - WARNING - Skipped (Already Exists): Screenshot 2026-02-10 121345.png
2026-04-13 18:09:22 - WARNING - Skipped (Already Exists): Screenshot 2026-02-10 125150.png
2026-04-13 18:09:22 - WARNING - Skipped (Already Exists): Screenshot 2026-02-10 125213.png
2026-04-13 18:09:22 - WARNING - Skipped (Already Exists): Screenshot 2026-02-10 125634.png
2026-04-13 18:09:22 - WARNING - Skipped (Already Exists): Screenshot 2026-02-10 205640.png
2026-04-13 18:09:22 - WARNING - Skipped (Already Exists): Screenshot 2026-02-11 190553.png
2026-04-13 18:09:22 - WARNING - Skipped (Already Exists): Screenshot 2026-02-11 231939.png
2026-04-13 18:09:22 - WARNING - Skipped (Already Exists): Screenshot 2026-02-12 112025.png
2026-04-13 18:09:22 - WARNING - Skipped (Already Exists): Screenshot 2026-02-12 114951.png
2026-04-13 18:09:22 - WARNING - Skipped (Already Exists): Screenshot 2026-02-12 115523.png
2026-04-13 18:09:22 - WARNING - Skipped (Already Exists): Screenshot 2026-02-13 174826.png
2026-04-13 18:09:22 - WARNING - Skipped (Already Exists): Screenshot 2026-02-15 212613.png
2026-04-13 18:09:22 - WARNING - Skipped (Already Exists): Screenshot 2026-02-15 225911.png
2026-04-13 18:09:22 - WARNING - Skipped (Already Exists): Screenshot 2026-02-15 230437.png
2026-04-13 18:09:22 - WARNING - Skipped (Already Exists): Screenshot 2026-02-15 230923.png
2026-04-13 18:09:22 - WARNING - Skipped (Already Exists): Screenshot 2026-02-17 094845.png
2026-04-13 18:09:22 - WARNING - Skipped (Already Exists): Screenshot 2026-02-17 095653.png
2026-04-13 18:09:22 - WARNING - Skipped (Already Exists): Screenshot 2026-02-17 104848.png
2026-04-13 18:09:22 - WARNING - Skipped (Already Exists): Screenshot 2026-02-17 111635.png
2026-04-13 18:09:22 - WARNING - Skipped (Already Exists): Screenshot 2026-02-20 004632.png
2026-04-13 18:09:22 - WARNING - Skipped (Already Exists): Screenshot 2026-02-21 154048.png
2026-04-13 18:09:22 - WARNING - Skipped (Already Exists): Screenshot 2026-02-22 232239.png
2026-04-13 18:09:22 - WARNING - Skipped (Already Exists): Screenshot 2026-02-22 232444.png
2026-04-13 18:09:22 - WARNING - Skipped (Already Exists): Screenshot 2026-02-22 232605.png
2026-04-13 18:09:22 - WARNING - Skipped (Already Exists): Screenshot 2026-02-22 232833.png
2026-04-13 18:09:22 - WARNING - Skipped (Already Exists): Screenshot 2026-02-23 212535.png
2026-04-13 18:09:22 - WARNING - Skipped (Already Exists): Screenshot 2026-02-23 221900.png
2026-04-13 18:09:22 - WARNING - Skipped (Already Exists): Screenshot 2026-02-23 222434.png
2026-04-13 18:09:22 - WARNING - Skipped (Already Exists): Screenshot 2026-02-23 223035.png
2026-04-13 18:09:22 - WARNING - Skipped (Already Exists): Screenshot 2026-02-23 223049.png
2026-04-13 18:09:22 - WARNING - Skipped (Already Exists): Screenshot 2026-02-23 223416.png
2026-04-13 18:09:22 - WARNING - Skipped (Already Exists): Screenshot 2026-02-23 223630.png
2026-04-13 18:09:22 - WARNING - Skipped (Already Exists): Screenshot 2026-02-23 223647.png
2026-04-13 18:09:22 - WARNING - Skipped (Already Exists): Screenshot 2026-02-25 155349.png
2026-04-13 18:09:22 - WARNING - Skipped (Already Exists): Screenshot 2026-02-25 165411.png
2026-04-13 18:09:22 - WARNING - Skipped (Already Exists): Screenshot 2026-02-26 114057.png
2026-04-13 18:09:22 - WARNING - Skipped (Already Exists): Screenshot 2026-03-01 132040.png
2026-04-13 18:09:22 - WARNING - Skipped (Already Exists): Screenshot 2026-03-01 174349.png
2026-04-13 18:09:22 - WARNING - Skipped (Already Exists): Screenshot 2026-03-01 191748.png
2026-04-13 18:09:22 - WARNING - Skipped (Already Exists): Screenshot 2026-03-01 215813.png
2026-04-13 18:09:22 - WARNING - Skipped (Already Exists): Screenshot 2026-03-01 231516.png
2026-04-13 18:09:22 - WARNING - Skipped (Already Exists): Screenshot 2026-03-03 121721.png
2026-04-13 18:09:22 - WARNING - Skipped (Already Exists): Screenshot 2026-03-03 122833.png
2026-04-13 18:09:22 - WARNING - Skipped (Already Exists): Screenshot 2026-03-03 123028.png
2026-04-13 18:09:22 - WARNING - Skipped (Already Exists): Screenshot 2026-03-04 202315.png
2026-04-13 18:09:22 - WARNING - Skipped (Already Exists): Screenshot 2026-03-04 203350.png
2026-04-13 18:09:22 - WARNING - Skipped (Already Exists): Screenshot 2026-03-06 164947.png
2026-04-13 18:09:22 - WARNING - Skipped (Already Exists): Screenshot 2026-03-08 220601.png
2026-04-13 18:09:22 - WARNING - Skipped (Already Exists): Screenshot 2026-03-10 204818.png
2026-04-13 18:09:22 - WARNING - Skipped (Already Exists): Screenshot 2026-03-11 032457.png
2026-04-13 18:09:22 - WARNING - Skipped (Already Exists): Screenshot 2026-03-17 095708.png
2026-04-13 18:09:22 - WARNING - Skipped (Already Exists): Screenshot 2026-03-17 102817.png
2026-04-13 18:09:22 - WARNING - Skipped (Already Exists): Screenshot 2026-03-17 102820.png
2026-04-13 18:09:22 - WARNING - Skipped (Already Exists): Screenshot 2026-03-17 104323.png
2026-04-13 18:09:22 - WARNING - Skipped (Already Exists): Screenshot 2026-03-17 110005.png
2026-04-13 18:09:22 - WARNING - Skipped (Already Exists): Screenshot 2026-03-17 110622.png
2026-04-13 18:09:22 - WARNING - Skipped (Already Exists): Screenshot 2026-03-19 142218.png
2026-04-13 18:09:22 - WARNING - Skipped (Already Exists): Screenshot 2026-03-23 094057.png
2026-04-13 18:09:22 - WARNING - Skipped (Already Exists): Screenshot 2026-03-30 232231.png
2026-04-13 18:09:22 - WARNING - Skipped (Already Exists): Screenshot 2026-03-31 000446.png
2026-04-13 18:09:22 - WARNING - Skipped (Already Exists): Screenshot 2026-04-05 015341.png
2026-04-13 18:09:22 - WARNING - Skipped (Already Exists): Screenshot 2026-04-05 194727.png
2026-04-13 18:09:22 - WARNING - Skipped (Already Exists): Screenshot 2026-04-07 080452.png
2026-04-13 18:09:22 - WARNING - Skipped (Already Exists): Screenshot 2026-04-07 090714.png
2026-04-13 18:09:22 - WARNING - Skipped (Already Exists): Screenshot 2026-04-07 105944.png
2026-04-13 18:09:22 - WARNING - Skipped (Already Exists): Screenshot 2026-04-07 112335.png
2026-04-13 18:09:22 - WARNING - Skipped (Already Exists): Screenshot 2026-04-07 112715.png
2026-04-13 18:09:22 - WARNING - Skipped (Already Exists): Screenshot 2026-04-07 113958.png
2026-04-13 18:09:22 - WARNING - Skipped (Already Exists): Screenshot 2026-04-07 114157.png
2026-04-13 18:09:22 - WARNING - Skipped (Already Exists): Screenshot 2026-04-07 115844.png
2026-04-13 18:09:22 - WARNING - Skipped (Already Exists): Screenshot 2026-04-07 121756.png
2026-04-13 18:09:22 - WARNING - Skipped (Already Exists): Screenshot 2026-04-07 121827.png
2026-04-13 18:09:22 - WARNING - Skipped (Already Exists): Screenshot 2026-04-08 235557.png
2026-04-13 18:09:22 - WARNING - Skipped (Already Exists): Screenshot 2026-04-10 214350.png
2026-04-13 18:09:22 - WARNING - Skipped (Already Exists): Screenshot 2026-04-11 230105.png
2026-04-13 18:09:22 - WARNING - Skipped (Already Exists): Screenshot 2026-04-12 192100.png
2026-04-13 18:09:22 - WARNING - Skipped (Already Exists): Screenshot 2026-04-12 193046.png
2026-04-13 18:09:22 - WARNING - Skipped (Already Exists): Screenshot 2026-04-12 194049.png
2026-04-13 18:09:22 - WARNING - Skipped (Already Exists): Screenshot 2026-04-13 010002.png
2026-04-13 18:09:22 - WARNING - Skipped (Already Exists): Screenshot 2026-04-13 173429.png
2026-04-13 18:09:22 - INFO - Organization complete. Copied 0 files.
